Determining if the pthread_create exist failed with the following output:
Change Dir: /home/altria/WorkSpace/Ludo/release/CMakeFiles/CMakeTmp

Run Build Command:"/usr/bin/make" "cmTC_07fc2/fast"
/usr/bin/make -f CMakeFiles/cmTC_07fc2.dir/build.make CMakeFiles/cmTC_07fc2.dir/build
make[1]: Entering directory '/home/altria/WorkSpace/Ludo/release/CMakeFiles/CMakeTmp'
Building C object CMakeFiles/cmTC_07fc2.dir/CheckSymbolExists.c.o
/usr/bin/clang   -march=native -mavx -maes -Ofast -DNDEBUG    -o CMakeFiles/cmTC_07fc2.dir/CheckSymbolExists.c.o   -c /home/altria/WorkSpace/Ludo/release/CMakeFiles/CMakeTmp/CheckSymbolExists.c
Linking C executable cmTC_07fc2
/usr/bin/cmake -E cmake_link_script CMakeFiles/cmTC_07fc2.dir/link.txt --verbose=1
/usr/bin/clang  -march=native -mavx -maes -Ofast -DNDEBUG     CMakeFiles/cmTC_07fc2.dir/CheckSymbolExists.c.o  -o cmTC_07fc2 
CMakeFiles/cmTC_07fc2.dir/CheckSymbolExists.c.o: In function `main':
CheckSymbolExists.c:(.text+0x6): undefined reference to `pthread_create'
clang: error: linker command failed with exit code 1 (use -v to see invocation)
CMakeFiles/cmTC_07fc2.dir/build.make:97: recipe for target 'cmTC_07fc2' failed
make[1]: *** [cmTC_07fc2] Error 1
make[1]: Leaving directory '/home/altria/WorkSpace/Ludo/release/CMakeFiles/CMakeTmp'
Makefile:126: recipe for target 'cmTC_07fc2/fast' failed
make: *** [cmTC_07fc2/fast] Error 2

File /home/altria/WorkSpace/Ludo/release/CMakeFiles/CMakeTmp/CheckSymbolExists.c:
/* */
#include <pthread.h>

int main(int argc, char** argv)
{
  (void)argv;
#ifndef pthread_create
  return ((int*)(&pthread_create))[argc];
#else
  (void)argc;
  return 0;
#endif
}

