48194
63835
932
41445
56246
82613
5343
56246
8753
7858
95012
88758
61914
64802
55196
8753
25955
62790
34911
4268
88758
18159
55196
75864
32947
75864
91906
91906
86228
38580
32947
20402
41101
4268
38580
15394
6856
77874
70375
12363
77874
72861
10627
40753
82356
70375
4940
99445
6856
8755
87257
71756
65288
10627
70375
56246
41445
99514
25955
37933
4940
5343
74043
91906
14761
41101
74043
66765
57875
11291
64802
89782
5343
43954
8755
53325
8753
95886
20402
13447
41101
95886
35165
77874
18159
53654
54878
36798
73389
43976
56456
6856
89782
5343
20402
38543
82356
32947
65288
15556
38580
97181
288
86228
89303
13447
5343
93593
93593
82356
9000
8348
87651
56246
28152
91906
38459
62790
41030
26952
41030
88758
9036
63835
5948
34303
66772
69998
83752
16060
37413
80735
77874
24716
99514
62691
69014
80735
35165
89303
82613
88976
6917
12363
8348
13447
62790
74043
73389
86248
32484
22914
88976
41124
88758
79034
86248
76998
84522
9171
94379
72838
35457
91725
63113
35860
80735
89865
97181
5343
33427
56570
66938
25955
49061
99514
84763
43708
74043
25332
92134
15394
7858
35457
58328
83752
6856
62575
28152
38543
5948
88976
34303
13447
52709
18159
5948
77056
25949
45511
38459
57215
20402
37933
65558
91725
22358
22914
288
71756
77876
5518
76591
13009
74043
6856
63468
77874
16618
74612
53654
43954
42303
42303
75864
82578
73389
64254
87257
97457
94379
78021
13447
63210
38459
36798
4225
9036
9000
80570
62575
61914
19189
91906
5343
90697
83583
74806
76998
74806
15755
51642
33427
82610
60103
57215
83189
35457
55294
2944
63113
72012
82578
932
25473
42545
45467
69014
932
82205
22816
25949
48504
10126
32560
42028
91725
5343
19189
98539
45353
7431
99514
10126
36279
27243
17050
75086
99445
85490
86248
62691
16060
91725
62782
6917
88976
78733
53815
85050
12514
78021
84239
66765
66840
15394
41227
54585
75864
64086
37192
79552
60028
72406
63835
38580
80735
72838
36798
6856
87767
29563
64254
10126
1208
28152
59826
41101
4225
55196
87158
32947
6917
97963
11028
99908
86004
288
68093
14234
8753
88976
65278
66938
86930
70464
80857
61736
48504
43383
89813
67682
38580
65288
45515
16044
57191
9000
29071
46540
50680
57875
54585
91088
9000
97963
88888
68836
9036
69671
38543
45511
42028
60672
60466
60672
83583
37941
64450
80466
35251
95427
81544
72861
37192
52690
26952
62790
42303
49948
42704
16060
60454
87221
2944
88758
95011
38543
57215
97181
63468
63069
10111
41341
24302
91088
41101
62782
15721
18580
91088
43171
76262
4496
9481
4496
66772
85756
11653
58547
95389
34645
92676
59004
92168
68093
22295
2547
38798
10948
47617
12514
32484
13728
6917
13447
43584
63113
43383
45035
35457
77052
36855
4496
13951
53815
77964
2944
45467
64181
84584
86222
89303
36279
67211
72838
24451
97127
99908
71756
5518
59004
1232
35251
58875
89813
65278
42860
80857
66938
60672
50394
82356
42159
28132
42303
11653
5881
26653
87129
63113
25473
60103
1682
17050
68139
22133
77052
57215
42159
99445
41124
64181
45515
97993
64450
83583
75109
64450
93177
10948
53390
21007
34048
37724
53390
22358
9036
84763
16755
18159
7484
34311
29071
69941
47992
9171
11291
1101
17949
74793
33427
17050
5948
14325
28015
63210
25473
89163
56246
59004
60028
70375
37432
90842
45511
95945
57538
15999
44182
15849
9000
5948
5962
13593
4225
75005
20220
99445
27167
87651
45353
34982
60454
69963
58328
28152
26459
77093
39044
95011
74793
1682
41227
45353
92676
27167
89282
19189
99445
6856
49542
45220
4299
12043
87221
15849
63835
27243
34021
10803
31999
81565
96870
97273
56246
91906
95011
6701
84522
26735
60739
69941
45124
6904
94379
78021
82081
38543
62782
60672
24716
45511
75005
72995
18190
65278
4299
91906
58875
69471
11485
68836
93155
16755
87314
89782
24209
61855
1208
65278
47617
95427
26459
22358
89163
97273
15516
91725
15844
80466
56546
87459
64254
42028
66805
63835
32907
83583
65278
66772
37933
29327
34960
70464
37912
72012
71105
59748
40530
53189
72861
87459
75864
26735
2791
95012
34021
69376
62782
5962
27243
52709
26459
28152
67831
96233
64802
67211
69014
15394
60136
85050
32270
91275
57143
15739
11750
37933
28132
97437
45826
53654
74612
93593
45775
57215
74670
60672
25332
82356
87129
14325
91725
45583
43185
6190
22358
31223
17050
88900
16044
36110
89359
54123
63189
25332
18800
7601
55579
87257
6190
89282
92580
83724
54203
60261
3652
37112
84691
10984
44119
2944
2452
60261
7858
58547
69879
14373
35400
15755
36344
42028
67211
89865
4225
29142
87651
38090
83084
20199
63210
10627
98539
25820
17949
45485
16044
17732
64771
46410
62316
3361
78059
84507
2917
91906
55579
85490
81544
95886
15556
15849
72838
87129
62907
89303
25720
37112
72291
41234
74670
41445
76607
63468
47756
54418
89303
10376
10948
70562
4472
15739
43171
45613
69961
86930
93296
29447
65558
86248
45775
41234
34960
45353
60028
49055
37877
24408
12714
5962
24716
6676
38886
34982
63839
10803
11653
48194
39958
75352
47617
17050
97007
53439
76591
9481
11028
12657
97073
14171
6764
2186
66938
82502
36110
12043
67368
89431
2632
28824
69879
48152
98011
77327
58328
82371
15849
35860
67114
87129
37112
15844
8220
12043
26735
63210
55550
83189
9185
66840
47785
84507
14024
25176
67761
99753
84933
76262
17050
93083
28291
56599
12385
39716
22295
73389
16618
5550
11584
14171
68836
19189
95011
5343
8348
31223
21514
16618
83189
9036
59748
91103
84112
25955
21354
82356
90057
50811
82205
2186
43316
57191
14325
15394
95162
30679
82547
1101
28211
90479
91899
35892
99607
2671
83242
8101
49016
26907
38760
84691
47151
94399
9481
14525
14525
64143
70375
93177
25949
2632
29327
38798
22133
11098
26653
71105
97919
15739
52956
41101
24716
87158
54878
69376
38543
32947
47050
75368
90503
63069
93083
99012
22914
94399
49016
28291
71105
52709
79466
99753
14263
47756
32560
87757
40452
90479
4225
12014
96211
90052
42028
52361
97963
95476
34911
70944
73184
32270
14935
96233
8755
68848
58328
46780
86159
34960
26815
59748
4495
13901
34960
87996
5700
31164
45035
99428
11485
82547
90842
92368
41341
53815
38459
94657
32270
90503
76998
11750
82613
87767
41679
48216
43412
77056
33858
32270
98539
9973
88758
8220
97437
50680
15060
10376
90479
95012
95553
74057
54585
42028
55294
82610
86930
76782
79322
66805
35251
85050
93229
11328
50326
84691
7736
66645
189
5881
14234
74751
38543
99293
9384
26505
72682
4495
37877
93296
58156
22574
56456
77853
37912
37912
98263
24716
55757
27838
29447
60014
43171
15394
20402
55757
11098
34975
94376
10111
50407
31536
35860
96211
15146
61736
80857
62458
75005
33523
75005
52956
26301
43887
19144
67470
90503
97273
16044
91455
21514
86159
95886
38459
72012
4940
61914
56837
86159
10411
82613
77874
42704
47151
20511
79863
3041
45485
1817
73862
47695
9642
73525
46780
69471
5700
80735
14263
65558
441
4496
6264
6764
89782
53325
11639
71075
77853
88758
71699
36344
25364
54878
88900
12363
85902
90475
62691
80857
45496
64366
14373
60136
9215
53033
15025
64802
5794
41341
89770
62985
41234
26815
53654
932
4495
54585
38543
31536
21630
72968
24169
87464
31488
7484
14171
84546
95724
92738
71017
78021
78021
6676
8990
60454
96807
62018
32947
20511
82055
41270
25949
67470
43297
25176
94399
41234
81544
85166
42860
28781
64948
94379
65278
53189
92168
33978
89940
67714
15254
25176
93155
58875
66772
50394
15060
41721
40265
53493
22816
75326
80985
98011
59669
47050
95389
9867
16060
90479
17050
15556
2287
16367
70562
91455
33401
53563
67760
5881
83242
69961
52278
15522
63886
95012
72092
97181
89359
13901
88577
49397
53815
64846
35293
35494
26735
12000
97836
20716
49948
59748
62018
70531
4496
5881
9185
18035
43723
90057
12875
93561
1817
31999
62907
28999
89359
6676
87158
30703
54418
79863
20220
64388
12686
26955
1196
32947
43936
79333
20511
97455
60028
17526
14935
82813
48819
73885
85490
69860
35860
8670
89770
60847
26179
81914
41341
93155
60103
2791
27172
31999
44033
43936
96992
829
63886
69014
57533
35409
78384
24779
5469
22914
25720
45358
78733
93177
36191
90824
23087
97963
1409
44153
96575
27243
63839
42977
25071
82502
35494
12768
2287
76262
43644
92368
48216
71745
74612
49061
15456
48819
35293
497
29151
32560
36090
77056
66805
10126
34525
57875
62575
36164
74908
89838
80857
74057
96807
76738
41227
33522
20402
69014
81958
40265
43708
54035
84507
36489
26907
35293
76591
18580
72012
44113
35571
43708
36191
66805
46791
42860
28146
43412
11487
43575
33034
97181
83242
3652
70944
20220
5881
10005
39958
11246
53708
5655
1569
32061
55579
7152
85490
71637
56222
34982
59831
23330
49392
76676
11485
18556
38568
99607
18800
49147
31826
45467
67761
96583
79804
64712
52836
50153
63835
16367
95389
36164
15522
3085
62018
34645
45485
8348
42977
13443
66772
50090
95784
26505
85815
874
73525
46540
67211
85754
33900
82055
17949
7927
79600
61987
37877
93229
87314
90479
49704
19601
63113
48016
60261
10440
33084
66367
82371
95011
49507
79397
16054
11028
83467
31536
29563
75352
77327
906
60950
77797
33900
99753
14452
34911
90824
24872
41401
60950
75326
69812
57191
67114
79552
33978
6721
97919
83592
24418
72291
65834
38090
40265
43936
37546
35858
53033
40232
54203
60103
16890
52278
92368
89282
73074
11750
62238
65558
63468
12793
66738
65037
19584
61855
40753
90046
34585
50789
66367
18469
44485
21551
37941
96163
6917
9289
22845
82371
56311
97273
64443
15394
93155
69579
13322
66645
11328
43887
9185
43383
45220
44413
36575
66772
79600
99837
15372
83123
94877
37431
16755
80121
51367
88900
97919
4741
3077
98316
70464
42977
26815
93083
96306
33523
82205
48016
49719
22665
15704
6985
15516
3668
96506
25762
24746
49507
97730
43383
16367
13951
55727
12657
3327
91088
67640
16061
11871
35442
39261
61736
54203
55228
66701
67368
74806
45220
64771
72291
3327
75109
32270
15438
64917
34982
44153
82205
80723
39249
13443
60466
24746
51367
22658
54123
92580
95807
76428
32788
93913
85754
78305
36528
56255
55814
48908
48977
43785
6856
11485
1682
27745
16060
30703
63839
95427
82081
44113
52956
16755
62018
54920
68796
60028
98263
77874
12514
26653
81158
13448
44033
51467
32341
24793
89192
91970
7431
35494
3041
10432
84918
99219
28766
79466
97457
66950
13593
17732
51151
42215
43412
17896
73483
93177
11487
55200
43584
83084
26753
1590
874
22574
84933
97455
85902
74057
65278
10432
43887
86222
76591
26653
9036
49720
81565
44908
16436
67242
97836
41124
26897
15772
10411
13313
69506
42995
11098
45485
24418
86037
37586
82040
38756
2186
15772
16182
33483
37142
41708
4148
77874
90475
53493
61736
79107
89359
51151
52690
52443
80984
82040
40448
60448
89940
13179
72682
60448
38363
51892
56570
29104
28132
12652
36631
23141
43074
76246
50683
69418
77848
33963
71745
39044
2632
46035
44908
49719
15516
97007
41145
13173
32270
76591
26753
8427
70647
98545
63154
88466
10580
43925
99880
97963
33536
5261
5518
93229
62544
41435
98906
25364
57215
35788
6567
58217
26988
76738
83752
91264
63886
19372
862
45515
29188
35409
25190
80438
72317
92134
49507
27745
35858
22229
29113
95476
82713
52270
66206
79183
81565
23713
51443
49221
37112
40423
13901
32319
36191
11802
82661
2710
32316
78324
8856
78794
76262
88758
435
14633
33858
77529
9785
90842
84546
96306
57241
93296
76394
13575
80438
3327
72406
99447
11584
90475
17006
14761
23713
330
76406
40364
41721
2671
45881
58098
18190
35165
58145
94379
10820
8085
33084
14263
73574
39199
60138
89782
64254
30703
3020
17732
15465
51443
82040
37431
4225
35391
84627
25332
49055
73248
28828
599
63724
34048
51884
64802
37413
92738
47000
73389
91161
87757
87996
99880
97007
46780
60847
88420
54418
31999
59484
76607
63069
81544
34214
80723
62575
84918
36750
31137
51443
76501
73677
43185
11147
51658
18469
16436
79466
22914
73978
99962
72012
23894
43891
83752
43891
69205
45775
85815
37413
71637
84321
82556
28098
16367
28211
1312
25762
13164
96807
12724
78582
13484
72968
47925
79285
20199
85902
86510
80723
25949
88474
86774
21551
54123
6701
74946
98263
71714
35627
42704
45511
43936
8006
63223
72968
35494
33153
69001
34074
20898
9610
81805
89140
1595
96163
85490
74806
10803
47370
28015
14285
35042
16146
18355
52041
83212
89770
81958
20554
85756
14421
73026
42640
60261
83026
39249
65288
48485
90758
58249
62316
69719
42303
40785
94376
86930
20199
1631
19100
17949
13575
88779
10440
70835
32269
14633
19144
16652
37322
66840
9764
16367
37967
51022
65891
84847
66533
70782
17489
35051
60136
75850
60448
42977
98539
98316
18553
96685
53493
58145
93561
62458
84546
24954
70216
77056
45358
75412
9289
53815
28502
43785
12514
29345
85902
58875
93561
54047
53634
81901
33873
2302
35892
13951
8753
77853
4496
57992
83212
53552
38798
60136
75352
45448
87767
2791
37432
21037
51493
62790
8237
32888
98314
86504
25385
93913
40191
3085
60841
43500
67114
47992
81587
17949
16498
69719
41679
89282
90057
56251
32788
78384
75850
32737
63189
28999
80466
40530
80735
4496
29073
17905
88420
91103
4299
14865
37039
59198
56654
86555
21551
45485
17526
7402
51642
26505
13846
31995
66647
92390
78172
86004
1101
10934
62907
4087
87933
43644
30679
17732
72406
26203
72781
12118
5497
80440
424
4250
53552
33523
63709
28207
34047
63189
7927
29006
39672
16060
15334
16367
7479
84519
20231
18800
76676
60019
95566
58565
30804
54010
94081
23713
53390
45613
64143
89192
56311
86279
67202
2917
60028
84847
53405
36528
6202
62782
32484
41145
94123
63709
34303
56752
25502
49147
90503
97038
85460
95936
40692
49717
12686
49542
46540
26203
83301
24302
29104
40785
41435
26073
73678
24246
88072
59198
89782
62691
19546
79035
87487
4225
50678
89745
6613
33651
31362
93362
66222
36575
829
90436
65037
37611
38269
27745
48016
2632
20517
96506
8085
41445
10627
42310
79280
55809
90587
96992
13164
63709
43412
43785
80601
56900
95522
29142
37413
906
33034
60566
5469
45238
90697
54487
3041
95886
91892
94200
34757
9983
52041
71714
8856
36609
60950
91885
56311
33978
27172
9355
64141
27866
72682
65288
4472
62782
60551
16901
25176
5099
29792
22961
97836
10376
87158
82768
37912
39513
50811
63189
98906
12794
43316
11603
4472
34074
59275
56761
49157
37601
94718
19601
22914
10111
70531
73790
26301
35400
17896
13164
82713
49392
42129
89857
96870
62883
99447
86377
95162
47673
33024
66222
55989
32099
62544
3800
32328
23268
82040
67682
60739
35788
42640
1631
62337
26558
67368
53634
26653
60466
66206
37967
33978
9517
12714
35222
86248
24779
72012
25473
72781
10432
56761
45353
59198
15844
76501
78172
75857
15415
98064
41350
74793
26459
15060
74223
14452
16833
87130
42028
49015
21550
57792
40000
22133
76501
757
3614
96847
94995
63069
16911
38090
37724
19100
61814
17225
17325
69249
16146
89192
92580
90824
49751
13173
4511
25955
35788
15509
71587
94123
60338
41164
99062
95807
85303
86222
78207
43185
75536
47617
25613
8287
45521
24779
78172
36750
10627
70835
20488
63287
98263
36631
26957
33024
7414
86037
69961
31186
87933
60454
20716
74717
51022
72838
91104
39255
26168
76998
79333
36172
77454
757
34911
42473
47000
44907
5469
51093
71483
73797
75795
33103
62339
70531
14319
88012
76985
86682
31891
73017
2452
68139
15394
77707
55294
41075
88091
10820
60551
25614
15755
69377
20402
9625
25762
87110
7353
80121
84239
51540
25356
82063
17526
70531
29444
86917
71392
40448
60261
46918
47617
2632
53493
89954
45613
24973
42838
29327
49167
66595
66532
47947
33864
22658
70878
13164
3666
46270
80984
12983
76607
17526
49167
57538
56251
71756
17896
18240
53034
15591
96807
20265
4250
56222
1590
41600
19165
42239
34047
50407
59212
82610
61594
84847
4972
33867
64948
75168
67470
85754
8053
79285
12857
49015
31137
29071
25519
98970
33483
99059
22588
50789
29188
15334
70084
64090
18941
20911
45210
288
9185
11028
69205
95736
66506
85754
99639
64795
88466
67114
55600
92580
17948
60672
28781
41956
91970
86228
58565
68021
32982
87214
74505
90691
73442
97594
58565
74908
44033
7414
13320
69696
51443
3800
99059
38756
33864
59379
19968
32099
92134
96163
44891
44989
9610
55881
7353
6856
15146
17572
13885
84352
28098
48805
33483
31262
98970
25519
41075
80257
66595
69506
99880
73525
69085
95948
66212
11381
70647
98807
95936
1591
22133
98657
7617
61109
15254
41145
55809
77707
13575
51657
49397
42995
58145
67412
497
78059
43074
22816
9973
16890
4972
74223
1196
8670
1409
93538
31655
32316
29035
39868
86504
12400
27075
44098
71784
96367
43297
14325
2599
34214
81014
72781
27182
18355
330
71256
99030
12768
34115
81105
8427
90691
61586
37976
4103
69505
27636
35165
55387
56837
8053
60985
16294
4544
13484
64795
67913
97038
67002
81105
6934
73678
97362
1196
3020
30198
57121
42431
45775
31465
50329
42024
13009
91763
46918
9215
68198
11750
70464
93362
9625
85533
42024
47673
37546
63886
50153
69961
73184
79600
43708
56251
92231
7180
41490
61184
42938
497
56202
71483
9983
73862
15372
60847
79285
15821
41145
30703
30283
71412
60375
64419
67903
74057
92613
66945
49542
60028
66625
63468
83724
42301
37586
10803
38915
76664
33858
95761
84410
95427
96967
7152
36631
9642
17006
14325
9461
38915
90824
31196
34416
13885
44331
79285
15458
72046
97901
38269
2446
92168
13569
62238
22610
40452
24716
9975
5710
301
99381
98296
24418
29306
3085
62790
35293
7402
68300
83752
54111
49751
44930
26370
31705
17732
27172
89163
32099
58414
66580
52361
63912
91388
43400
97919
39513
17161
83260
33523
63912
99093
82177
58328
32888
98263
73326
96478
98342
7484
6917
24300
64712
71561
52361
59177
43708
10948
39249
62392
37079
38709
70204
10626
28999
72794
83212
63287
44182
79035
45758
51370
33080
85756
12440
31567
9355
58695
70204
96686
8990
27172
25502
79285
39224
4299
85721
9462
70860
19624
38709
4544
90779
33
2029
54920
27180
18035
15821
4145
5124
10834
61586
15818
8333
82109
62579
37079
64450
83396
82464
37966
55228
54976
41124
37325
44818
3182
7617
37586
4268
15772
24451
9481
18717
3865
28674
66840
97264
63223
48041
50050
92134
32483
49943
62244
91784
15669
43171
86159
84918
70881
42220
78660
92542
39868
95972
20246
64388
12857
42431
5469
33427
51236
66625
27745
77848
25945
75247
95886
78305
62606
22229
69085
93339
1668
97291
80984
33790
15516
25332
40448
14633
50942
541
84627
36489
91899
45650
51236
13575
28831
85460
59144
1208
15590
84253
33523
10865
33651
63154
93630
65796
31646
40530
54123
28720
40265
28695
57971
26500
99767
1943
80723
22961
17205
97038
4103
19601
50678
4123
91914
6613
92676
17905
40530
55387
23270
86745
37431
32341
74841
97767
70944
93630
65269
10088
89975
13322
44195
33858
41610
92390
96282
66367
69578
93630
68139
73387
55739
75005
69761
54111
15456
66217
57702
28556
96656
78438
23080
81728
58188
75477
86969
82177
10002
11381
73017
56255
74717
50435
57137
98009
36110
75857
17724
10627
13901
35364
26500
63839
50464
98314
61313
76676
1445
49055
66051
54111
5249
51599
61864
83449
93561
35858
4495
330
23713
96809
6441
62066
55498
174
175
43400
44131
36959
97344
97721
55739
80438
86129
38789
71256
54847
75795
4183
9215
34525
23141
42995
76747
75857
76998
69579
52837
58241
42896
81544
71592
61814
39224
6951
4544
4268
45454
31729
57935
6107
98011
55920
72092
73542
91921
41752
55881
15821
3666
3964
50683
67368
15146
77848
26897
35788
14095
29275
7617
87459
8314
78553
10335
90824
42896
21459
17325
84605
24408
41721
81450
84919
87301
43050
19006
23141
57640
34605
49184
88474
73017
73326
31567
78660
95775
60375
33892
50435
59139
82812
26505
51599
7814
87177
23080
73677
20231
37142
9785
96992
99011
46725
69254
33782
17905
17050
11393
33080
58922
69085
38798
93362
86504
40864
94200
15115
46791
9384
78147
51599
20419
2415
36768
73525
95020
82493
92750
87459
45464
32605
36904
16003
84203
6917
33282
14384
90057
59933
46244
12794
51952
3029
89877
10934
9975
97594
98296
79367
25955
69250
53405
49055
9462
15438
72861
5550
69504
43074
63709
34021
11841
44098
92720
79333
54203
72305
91621
66533
81029
82812
32341
14490
49542
3252
65192
16911
96807
874
90384
60030
9128
80169
15415
37933
64443
82535
31294
40785
93485
34684
21354
7402
92738
90547
12043
58308
16487
16539
49606
64143
79863
48216
39199
27110
43297
38089
95011
69961
28874
34982
2697
17384
70747
24394
91757
19165
12457
66212
84507
83084
56202
97767
6202
15025
20066
69250
71637
31262
90194
60739
88474
2965
96686
65477
11514
25356
87314
74043
49948
58922
68430
86555
23019
76786
33243
4511
87930
11485
4940
45516
14698
27243
55430
48834
62575
68021
98906
11639
57108
40487
27398
45833
31294
28207
54920
57137
46725
66627
90096
42838
18717
33900
31186
7601
42594
39200
70699
25896
49278
43644
24300
90158
18288
75293
16060
20823
60715
28606
19001
22665
93538
84468
67970
20511
96478
58249
30283
1057
74674
92580
36248
41435
64954
20111
94331
24201
68860
84468
74962
54878
69551
60950
65834
50394
76501
48300
98325
1849
74503
95476
29327
189
64090
13885
12514
76513
47756
2917
35391
4553
49719
81397
38570
87459
96143
43930
23141
90746
65500
45583
10088
27182
79569
19892
49806
55228
13946
275
98064
75795
68139
41663
90746
46918
80440
64670
65871
82170
20254
9461
25302
33143
92168
15415
66645
48401
27964
42896
17896
36110
85815
81158
93296
38727
89745
43575
87715
36942
10305
28488
92692
15669
21368
33900
66972
67114
27110
83147
42305
16725
4671
17225
23330
13994
83752
70204
80467
55196
89282
92738
95224
33282
97138
81881
24300
63959
39044
81296
36121
60138
1924
82371
71392
59004
80199
52278
18270
68198
29063
34525
96629
15739
37112
88866
37966
30052
40423
86504
88466
68917
45496
60739
21604
43887
24779
43887
54739
32484
70647
79285
26957
15151
21604
19624
87933
43954
51952
22195
44426
74004
30854
15415
14761
23087
15844
29073
31536
17225
50564
72092
6107
92692
1924
62508
76576
24169
29035
58875
93181
2287
12440
42310
22961
18553
20823
50811
58095
41270
43316
37192
77853
55228
89516
20248
96418
72838
88976
82500
9109
60848
8101
21242
22658
4293
89443
22582
713
89431
33427
82063
75715
7927
64690
97189
6370
66645
91914
44818
18015
19892
99306
66226
98009
29510
51093
26988
80985
36551
10627
26664
54920
18270
33936
7927
42310
82920
41164
55739
81545
42594
61378
30730
78683
28781
81386
33149
92134
66724
13609
33143
76001
65192
95724
70375
90290
10803
55814
93237
62018
27167
56909
63326
57241
36191
70647
24169
74239
68430
55739
84786
555
38754
42220
39131
40014
4250
91757
29015
4604
95784
79797
45454
66724
36656
97367
50464
50329
44195
73184
81686
66051
36551
91690
16267
81793
86555
97584
66284
34794
33034
70084
51490
28831
73248
15774
24767
1458
82929
4472
82812
36459
89534
57108
6721
84522
64166
9355
79280
31176
46035
33192
1460
16060
60551
63210
55498
91333
82035
48339
37912
16911
36176
36942
64443
5550
65037
99062
6190
67456
49542
22658
17882
69249
26514
58188
48610
79375
25762
13565
82109
93880
98545
70881
10948
18793
5421
76542
41270
41490
69451
73248
17347
42129
16267
99813
39044
97856
3765
29792
17347
9000
22914
33499
95553
3759
91899
9431
30052
10948
18116
57533
44873
13574
53629
39260
35736
36434
31690
70481
98378
17728
93913
55049
80583
34525
46719
46244
29006
81367
34443
58095
51677
30703
77494
31833
94842
40386
30368
55550
69306
36389
55239
12387
74670
6764
33149
82081
77832
35494
79280
85460
99880
45220
36505
99011
3095
7932
97963
63210
30730
85902
5421
93083
80857
34021
55989
40877
88631
1903
42141
49641
41030
9032
68384
27648
2831
69189
90057
72666
69569
69135
6716
48504
90290
90487
35060
87022
46244
62883
75086
49542
95866
74183
80676
31875
82613
61414
13846
80199
34684
18917
45787
65477
49717
49481
60945
67893
73424
35758
11328
95761
10682
18556
61429
44154
36740
89397
96233
20050
79493
62772
1591
92634
31881
65209
55580
89443
37325
98051
29006
12857
9131
42028
40864
80257
67893
54920
11653
29563
84691
49185
53563
11190
33450
43137
41596
5469
82613
18355
33651
34731
89940
7617
43822
55920
49108
36593
85301
80601
23270
96468
6886
47756
1101
1631
77853
73574
95631
54537
40753
73541
30414
19001
2636
74047
11647
97730
9583
22351
85756
16944
61378
47392
22670
66979
38988
48882
34593
46540
52606
95631
54682
50094
33
48152
89184
16096
50072
2360
22456
41956
61703
9983
88091
84947
77093
46987
96114
79868
76881
64011
34757
42930
84242
7554
84081
17259
86497
6107
7433
19971
76893
42305
82768
27107
73221
80141
96143
70134
24408
97963
30436
68198
36344
26162
2446
44153
28599
25743
6617
86774
49685
12606
32061
30804
65103
70204
24451
85756
90359
69996
38988
69832
46725
11952
8283
64090
98064
14101
18116
49112
85302
53405
84306
80857
86444
3077
48216
36633
15146
80985
33143
30393
33268
60856
20246
35457
78794
88326
31815
48385
9431
92368
85179
50326
26280
97993
60739
43575
90145
28132
57538
75805
86159
82922
56067
81825
53387
99837
91333
75795
17526
5249
79759
1232
46976
5881
68917
97273
4671
64563
28556
13265
13313
40605
90547
51750
55294
81296
92542
79863
11653
2697
34554
23615
45035
7070
64366
58098
72160
34863
97451
40423
50645
45536
55757
79666
3252
15175
44907
25502
20807
90503
96583
23292
79258
20807
99093
91690
58565
12576
72508
81105
12657
82167
87720
9355
27075
57935
44891
88976
80078
36865
26887
49108
33782
10376
76102
21476
21744
3759
48697
2944
2415
84099
49147
29345
45845
15516
82920
45238
62084
34291
21677
3415
80984
83583
11802
20111
66973
89323
95560
30165
72567
83301
36551
27172
84947
24244
55757
27364
15119
92692
6680
90253
44392
80857
29142
52015
29444
40428
91432
81544
24736
62157
12400
64771
40687
67371
45208
69250
60856
85311
91970
87896
84111
87257
69377
19553
2831
35515
35293
65193
34048
53846
757
10303
80173
36121
28127
96846
32982
52443
37322
48619
98314
72781
60535
56031
66840
22892
30633
80735
19624
7317
99607
1225
36768
65891
82964
73542
10111
22200
69941
63326
62844
5520
96114
98378
26217
48845
76411
1668
61021
17630
5546
34828
78172
71483
59669
72317
14490
78855
67913
29188
43735
64850
97291
75950
8008
45859
77707
67913
69014
32484
63154
67944
48224
40877
76664
45886
70752
9258
8670
40018
19971
32907
42239
8495
20808
34311
98051
62337
33782
92129
77758
45353
88072
11487
49782
39513
69998
60261
29001
52836
83167
81909
46793
84763
82055
79607
88866
18863
30513
31999
46540
15394
92134
58419
69578
1631
90691
33121
88012
51750
85643
34693
43316
63326
44907
47521
84081
52076
77334
73083
82167
48610
61586
45833
76676
95775
49507
27636
40425
44113
87154
61594
47346
12863
46793
26078
56559
91690
83422
61145
84057
82556
24746
8088
6333
73348
56599
79493
91764
22543
2250
11147
82953
74676
5267
94347
73026
6333
88864
59754
78733
21038
42305
33450
81566
44153
93906
30052
62316
51884
78438
14116
15472
19546
69840
36191
67072
66938
91305
81881
51467
31164
77052
69471
97264
83373
95028
35364
15186
32269
50368
56570
82507
4762
13609
94818
275
7348
62985
76884
22582
25704
18240
45208
89782
95631
76406
18948
56742
62055
42896
52021
42717
13901
50094
65186
92168
52523
18794
45210
74237
74503
82535
41440
97763
88326
6934
92626
57378
4103
60566
18116
52533
53034
8553
16947
44195
88072
78940
51013
71178
65663
7277
15227
41154
42028
5099
33873
44154
49704
82646
34021
20898
9128
80984
60950
69895
42159
73378
34863
25970
92868
36740
57524
21604
86004
73026
43887
31833
41011
83724
36416
58735
74841
99516
39437
589
46414
29341
57241
99837
4087
77876
51013
42640
30597
98069
12714
78553
36865
41708
54925
78384
33804
44211
52015
97451
53671
98991
50326
27075
78338
86162
82836
62734
3161
67877
94048
69508
51924
11246
45448
10682
62055
29447
9642
1208
74676
50785
65500
59396
8716
18395
5228
61987
42708
8510
68945
20637
6985
5990
88866
51924
77644
93846
22159
52270
7433
72314
90716
91921
56654
26109
28577
99695
59688
22892
75965
62058
71241
61184
95945
4544
42473
99778
16449
37458
44485
53656
81029
91576
60931
65871
37546
6721
36982
62066
906
20744
15821
42704
43954
37288
94344
99026
95545
70699
30592
46948
21368
56559
71907
97007
12983
2387
2360
19793
6716
18672
75412
43644
72916
28368
43954
6879
93237
27943
6561
16470
60749
37569
31461
55989
13609
18800
33978
51884
86444
84756
84605
24527
9803
72567
33084
29063
20979
50645
95307
46157
17323
97948
98051
88091
70819
14116
90487
81450
32628
47552
83352
35222
91921
67760
69941
36389
69506
3865
45464
36744
80202
6977
62985
81761
1668
49507
19820
25214
37640
64977
84763
32341
80257
99695
21006
91621
44903
33153
93538
30730
6904
96903
92166
11663
95777
30902
90477
97919
15415
20179
81185
41942
80257
58419
76576
20090
37611
72794
79034
18240
87214
12123
64029
78973
66142
69454
31994
22899
34311
897
33084
29275
99680
82532
89749
75254
90290
53631
46685
60566
60151
64670
56158
56096
62316
47483
29315
66145
19820
62907
82342
13574
82982
48339
42860
10626
46547
87996
37640
12578
16498
82578
66348
71949
61810
70699
68519
96532
26203
900
62844
40014
95935
97963
88803
57079
91141
71772
72380
81438
57794
33462
67384
683
38459
51493
41008
37069
81367
86497
71592
43237
18015
20199
58241
96992
15590
39061
37413
19265
43297
76782
52956
32888
6107
42159
50326
5569
67253
27075
42704
96736
20911
90729
82920
13447
99026
55449
79745
66051
11663
50811
9674
66806
92750
2944
5962
49016
98803
36047
36633
96571
8896
32737
81686
89749
48401
36959
8495
7433
18556
95972
20744
31536
4887
92634
73427
8220
77710
56654
53242
65985
69249
77611
76521
44182
29200
10977
62772
33523
46244
81525
71665
82109
31833
73355
65269
36389
85005
63317
41101
91514
66348
36248
69805
14384
37640
35115
70881
14761
24302
40423
8574
64690
62018
28599
50311
9149
61590
84321
30198
54836
18420
53849
16652
47349
73965
53216
90580
55178
75254
74505
46737
74505
85166
34646
18240
6951
97038
19240
25816
84203
77772
78963
5700
47302
90279
82922
16496
50680
73026
33103
99532
44320
54686
49147
18483
49589
900
49263
90475
49908
22621
71392
37586
15509
57640
72579
39127
96315
9180
61575
39158
33153
69998
39620
21689
34021
20062
70938
31962
85501
16321
49717
17124
58241
72802
12658
46872
20716
45244
1668
83212
21007
31891
76262
82578
75864
88279
9327
31362
65215
90697
10957
49685
2889
15434
97763
71699
1943
63287
17365
51678
49508
77899
95784
97610
28488
58862
50890
4699
47914
78725
22867
85301
76085
37976
96846
77590
39260
76591
40753
49908
67114
90905
12963
96857
66844
95011
44331
72983
18556
46291
51884
8134
6934
82077
47151
60672
83026
26005
74503
86930
87896
87351
59587
35627
67761
26653
85006
89700
97127
84081
67760
87715
33790
28502
97610
72255
28146
97492
58707
93630
55449
27464
13484
84941
53189
43922
5979
97362
25385
4496
74606
45521
63839
35165
37203
28925
17079
66126
36248
99384
85456
98545
5228
12265
34960
41610
76825
60452
56178
63634
26301
86228
4699
94842
95252
82836
24011
30592
50368
32591
39627
174
9461
35409
99223
74217
8970
84614
69249
97721
61526
45124
87715
59623
5543
46582
29142
56546
22979
92738
54047
64002
87848
70464
31454
30414
29343
24405
74382
69805
44312
93177
36121
25236
71949
27624
83467
74382
34179
10948
40232
90479
16398
786
20090
75168
43278
90620
78438
85456
90487
43347
99962
21325
82768
84081
288
6701
88976
65858
10002
16096
36933
2917
41638
32061
86217
76664
96575
22728
29682
13265
57640
76411
31244
48009
49908
61586
43448
34198
49606
41708
15126
31362
81517
45220
8990
28577
39061
47101
23639
39861
27167
74676
90746
8724
92231
69250
4123
27636
22066
3912
14171
18580
83373
22658
69230
55920
80683
43954
28368
35247
55317
66388
11118
16652
23080
36593
86883
47492
66284
76782
83844
33307
19102
9384
95936
25704
46318
48908
97963
84302
4419
41679
73292
93177
65155
90311
37912
17561
71834
97423
47519
34958
12793
3415
87242
6997
9081
7769
34646
90580
83189
32968
28766
70938
85039
58258
88413
45305
27180
99680
4699
47527
6627
67470
54400
55430
49955
22270
78553
76607
49015
31875
96736
31774
94458
20090
77056
55738
92167
12875
34430
16146
18531
25502
96513
8856
59933
89183
53024
20248
92292
42495
47398
63980
45448
85234
85006
78855
3161
95761
72317
84861
89163
19755
73248
41746
14384
96551
46791
28368
87117
26957
33968
99880
94379
43930
9109
62790
92390
60551
73493
35060
63326
92099
71714
29169
10432
21621
33900
44615
24665
31421
47930
3652
35222
9108
12714
75477
11190
3655
16725
8427
85595
30729
74206
55449
70497
34794
2432
1951
9831
57875
7094
76630
6102
88420
55294
81203
96233
32525
9610
38580
40386
75788
62539
28599
424
72802
14935
95162
97189
70613
73641
89749
88631
28045
91059
88840
87194
9934
20220
15755
14667
8314
91217
51490
44371
9081
57538
56119
72948
28478
60412
7094
86021
41234
33296
51642
42708
55317
68625
93485
21954
69250
4186
40539
4130
35019
16439
46074
34693
41445
41401
16060
56792
14937
47673
66348
80665
57282
45358
45650
55151
38868
31918
70955
32272
54035
65477
19601
31421
91764
63886
40686
41746
43575
1101
57319
98657
42028
79838
90811
74206
11246
44930
1903
16791
36798
65232
87214
14031
36176
51798
60749
11381
52131
25519
66226
44154
6544
15519
95389
99011
25955
34684
99409
67406
70312
82920
56076
76975
32877
30729
49883
42896
70190
82836
28184
43237
11381
85455
24302
64432
9610
7858
4419
56967
2360
55178
86279
45627
45838
23674
7180
73198
92613
23893
42239
78553
35293
13442
44033
51030
62100
16755
85813
35627
45353
38090
862
33258
61004
92957
23442
96532
94379
49055
50329
74877
26301
87117
54552
12363
70899
15060
12186
41931
35477
85643
60200
69048
39861
90487
70190
66979
66765
89629
60113
1880
39324
76394
91885
8679
34982
27648
69879
90359
72305
32943
83175
2547
54311
79493
34693
10496
41124
90905
67522
48178
66756
262
69504
22934
94889
31362
66072
81805
17080
39672
69506
22200
1924
77919
39871
15221
35355
72968
48945
25418
89838
34867
91885
57115
62337
52278
21247
48009
37412
53242
32947
14761
56654
7320
373
16044
38063
8160
92561
95861
83260
62294
75168
22658
13270
55007
90600
5520
27710
54035
97864
45572
41124
47914
12724
15309
45305
70938
78881
94256
38363
68631
16321
24736
41972
31294
73221
81203
32706
84236
13313
22529
23270
21950
31992
97273
36344
41602
67018
15459
56096
84546
10088
22551
9801
17954
13023
36172
82618
5546
94143
42301
64938
50407
74615
15835
96807
88012
80674
45463
36459
27896
85756
67522
75880
50683
93083
13447
53493
17469
46791
8333
68853
59502
9081
77060
29444
30703
58419
32560
46987
20045
42918
22270
48009
77644
49773
58810
95708
60136
98684
63007
32525
38407
95631
50981
15958
33117
119
91103
84918
2253
55852
84302
48311
14053
69454
86159
55294
3305
37897
31176
56246
65209
65315
15392
48028
72995
54847
48610
22468
11841
97492
7431
13024
6165
95124
40688
94048
64366
77758
86608
2714
14698
24473
57528
7353
77899
59587
12514
27964
81287
55580
39234
30859
46884
36742
3085
30040
43171
58249
20811
15590
26887
47673
57640
15356
65945
43219
88866
84356
47552
83189
77810
31447
81287
11115
80440
51519
67761
80126
12863
43813
20196
92939
961
99681
77590
97164
26083
9128
18035
4299
28160
89629
49263
32907
37601
53107
61305
31309
96233
66045
88631
45353
61004
42244
78076
58025
55200
91621
21630
11118
82769
8896
43188
19746
76502
68279
51626
90600
95162
10109
10568
27607
24746
15556
76411
13695
57029
683
28488
28874
92738
45035
78997
28874
91622
90977
26500
52131
60411
47830
42715
85911
96114
49185
29751
33401
13351
9355
27689
19892
87221
39255
9109
40554
77966
84034
60069
81909
74185
94875
70849
18568
9258
64977
96163
33
79926
44570
25614
36054
79163
53400
81031
79759
59722
42473
78446
8959
44410
55449
63589
81909
69048
86608
373
4782
44942
60338
34911
67470
957
30682
50547
99827
9825
22621
15151
87557
17080
18917
38698
60422
49879
55617
35558
7350
83167
68093
3548
69732
17798
15354
40530
96903
90046
83569
47481
20716
3011
15755
43237
31093
87389
78384
75940
71178
31511
16096
80674
31994
25987
86774
11871
2714
39822
33651
72994
74674
21188
48977
38743
57307
58522
64802
58171
22477
30918
92011
34553
92074
64905
94995
72802
60847
19189
92390
61004
93906
9785
38988
6676
24973
92634
50645
6814
50698
70075
94040
33956
37481
87214
69505
46708
17298
31044
93448
97767
51490
13320
9642
43954
98325
11209
87663
84522
48178
91514
34388
72731
2404
12043
43695
80583
49008
63382
8518
92021
27943
72927
98731
37192
69786
84605
81591
62392
71241
72994
7881
76246
69135
15954
4847
81349
49061
78002
81578
70156
10328
19189
61906
42301
58922
37569
17259
17006
83123
9185
8721
81909
67913
66765
69608
70311
69950
20066
174
91088
95208
99267
5655
19968
10957
11559
60945
9764
39261
11637
42693
2636
77611
36164
82646
32947
40995
88297
93609
71967
11272
12987
56838
96551
32061
60140
53656
58617
52076
72864
38026
53216
92868
97263
48300
73412
88566
275
86562
7554
18931
29007
41663
87227
6676
76711
37611
12712
18863
39465
96211
94818
46884
50705
91576
63382
66979
43278
15849
84584
633
33121
42250
14035
84410
74612
95724
38251
9289
15383
497
89405
65689
41749
76102
44093
53631
76494
33936
4548
67913
71548
49250
89838
40477
74156
80199
25465
99012
50965
3668
65232
61284
91275
55031
373
17225
63210
78635
28577
36750
45238
74615
18116
41490
43930
65167
44301
36551
3964
92134
4544
86021
84302
426
41596
81014
15721
6102
1203
76501
69895
85005
56777
17194
90046
2817
60850
41602
10433
14865
65558
89086
47695
64687
79258
25236
97993
79265
45453
47606
16349
50811
15383
76975
89044
24713
92390
1682
6202
79107
5914
4146
16011
1057
92965
56397
69306
51151
57922
22468
70647
6886
24036
50164
45220
53325
10135
63403
61352
99901
50705
66078
8724
19334
36744
14072
89868
58947
8340
93448
48484
2803
97715
92730
79759
84468
66013
5453
66967
79804
91393
44907
33769
60920
76064
93599
83513
90145
8006
13285
12363
13885
387
14183
22727
96201
12647
44818
27745
68095
38754
51952
72420
96259
15247
30679
50311
70878
69719
75529
26429
98263
57071
15383
54418
79526
18420
73355
40448
87158
84057
1909
19793
92021
97721
61352
26840
91809
82401
45515
58025
56599
41384
7651
27464
22477
16061
58549
37897
31992
66627
798
10934
25388
42492
87848
32948
8990
9957
58359
82077
30436
58322
71298
13252
40563
25987
79812
84352
20521
82350
7353
83467
76786
52361
99620
31704
71963
31208
9674
61736
66492
14744
2415
35187
75536
1880
65209
70539
46780
81958
28828
92129
98331
33
4741
43435
441
94190
67050
3095
35115
97367
23904
74772
49873
91220
98313
31729
95273
98263
77947
86830
43367
12847
45284
4881
97382
82953
20386
30599
66348
66950
11584
50911
48385
58188
25970
12959
81591
90811
42708
71483
28693
17510
471
3009
43278
94314
48777
67211
39351
69961
54328
24476
48513
69748
13609
68019
2218
83571
43723
17225
91217
27667
2433
97268
32198
24011
22543
57524
81055
74806
82512
79700
12265
78725
70747
37647
95945
55739
50407
84605
9602
64443
96617
12303
38090
29294
20473
83761
47024
15958
33268
52896
80247
64973
49806
62959
71392
16326
6627
6851
2697
87996
961
61454
89629
26208
13443
38580
50722
1591
72044
417
79798
48042
3077
67509
50815
5785
31536
97763
69451
87227
62697
79552
95124
53745
89763
16424
64388
28093
70968
15309
93880
23894
12149
22621
76782
9327
25794
88866
4186
42556
94355
51626
93054
61184
40014
26078
34048
83571
33936
45838
90899
24451
60338
22154
53595
91217
7414
14010
49397
72106
10277
47580
52835
11964
26749
31465
30592
2710
74717
64670
54035
29068
3145
6885
30164
27787
35779
14019
76001
20408
16678
17187
1265
67640
86218
98069
8427
51750
36609
24687
23294
96686
41384
88892
54717
3716
44599
1668
6021
73715
37546
54358
88170
25704
57446
275
86444
32284
97901
73424
76881
48819
81105
91589
95124
60841
30165
98644
7795
96233
71178
86497
9803
27813
92626
87930
22554
77786
85456
94145
47752
47000
99110
19224
91763
82285
72284
82205
66701
14263
91899
6885
7431
43922
59587
57319
84126
72567
15031
21788
42959
74841
51189
99523
80440
49144
16367
64938
35051
96857
21325
43332
69471
16365
15392
78059
90348
22979
24765
11485
60749
5812
37431
52523
77438
25530
93141
58920
69791
94877
99447
42431
7315
91892
70104
68584
37897
22588
34693
66752
21677
50987
66278
73356
22195
2944
54253
85467
86297
46719
6901
20637
83373
37640
59540
15952
69443
55430
67844
97138
62882
65985
23447
20808
37431
22217
79339
70199
78881
69860
93917
53882
94877
46318
5659
5291
48254
51818
89940
2817
2223
58998
73107
13825
36798
18556
33121
2186
48036
61491
15246
90004
56838
87135
17347
64270
43297
45177
66752
40219
51057
46318
27838
72696
78384
25385
35558
55755
35042
41752
77580
3095
57262
57079
58707
78698
80048
99928
81512
2415
71379
94458
33930
45448
33192
36904
81179
74237
50811
92882
80735
3774
90145
24472
76546
38543
82976
44722
27896
34303
97344
42995
49589
22551
73026
86883
34757
29610
82532
8716
32319
24258
48719
90100
26168
79868
62807
1232
69569
58998
89343
82618
53387
57178
27607
40554
96265
84183
53772
99647
80683
9464
47868
13173
58419
27624
92542
47519
90182
86608
80958
40540
5948
27842
97273
46927
96902
83897
72579
40380
42761
70630
28781
21433
78021
64097
92119
55987
37079
95890
11098
45627
37586
76728
49782
87272
60404
81042
26189
55178
31992
95935
14418
47157
49948
69506
33117
8088
76108
34020
2710
79086
23406
26669
49955
69805
87348
66439
81203
66840
89865
92930
2333
19362
80360
18356
15221
28537
12363
43034
46244
72255
60812
68836
20844
69205
98342
29771
16539
8746
39716
35103
72150
64683
21262
96685
68242
85595
60689
25356
6219
71834
15635
55099
73026
79755
73456
22899
21551
40773
60739
58920
50409
72255
66973
36344
60945
12287
56960
88803
48945
60055
40232
48945
72696
27689
64254
70747
31994
60957
69638
31504
46803
75477
22610
66284
34430
39261
5118
99395
4268
9030
16439
713
66854
19273
29378
42715
69870
46927
35409
91135
10985
62764
32525
32968
51852
51030
52836
87547
42129
57071
27243
5228
16322
2733
44949
82982
91103
77088
24687
23121
84193
22358
29315
85604
23544
24527
54976
28746
16090
58998
76782
1891
96259
42397
87447
70076
39208
89337
81436
96624
72255
79286
60151
98644
1658
88779
48681
30942
75864
36076
76205
66156
35115
43954
32747
79939
96788
15060
87389
55839
56546
24394
34553
17489
76786
30397
9185
53103
94995
43050
8340
72694
78698
75109
30129
59484
30882
44459
93239
99219
62238
72927
67640
76676
87135
93871
36955
5346
60985
80796
55988
10689
40443
80257
63486
6102
16439
47862
59940
86163
60072
9484
84941
31655
69029
48085
76607
20560
20013
80467
71006
41011
5118
81825
56663
4165
70109
74003
91892
98429
56942
10035
11189
33599
85391
9030
77832
90475
54256
14789
33192
91906
62624
10602
8911
86640
49116
62084
15375
99782
70712
71379
91220
54976
48254
68626
37640
14633
62244
55324
27180
64948
55600
4298
91757
59099
45464
8803
68021
56742
47352
84642
9394
27421
25816
56076
441
58414
76546
69443
11487
63197
12102
71875
31137
87214
2671
66967
9185
94399
55031
78338
20843
829
71041
37640
64166
17235
79293
52998
1631
41663
54537
27950
74927
1879
81975
59334
66645
94145
84183
29687
48036
95464
67234
33307
6080
86129
53689
99880
97394
16426
21280
48999
91412
32747
94728
28599
77702
72122
86228
80968
80573
92965
20473
17005
9835
67893
75247
83462
73483
71079
31294
53439
23080
82618
61810
38632
94151
71483
82738
12213
80383
66756
46708
98731
6814
2559
59995
26558
50394
15721
59493
66533
46540
275
82366
86377
99267
90311
60027
33121
12276
42028
65663
43771
72150
62084
13037
96578
94344
53150
23406
93448
88806
88410
75880
96788
37086
64141
77241
55420
79455
53103
29090
88840
74503
52521
99478
96290
79163
17187
34021
59334
5518
55617
89770
13609
1232
24793
94151
35187
52590
24841
97068
41328
33858
35758
20668
79838
35115
13617
79415
73797
65103
80444
67682
97836
49977
42495
85303
88058
57992
14655
31992
70955
96758
6514
79976
91333
7951
92908
57679
56814
4148
40443
73026
43137
3505
69950
48230
76102
26545
42860
65875
9372
79922
44873
47483
96418
68198
57678
15739
82738
92074
86084
48777
80769
27110
37601
79922
93170
97749
53654
95431
28606
9255
27410
48401
14396
53356
81389
10888
79375
17244
15356
98316
77899
96575
3765
99189
16944
89494
55228
8237
87110
33936
82045
18610
5785
89359
62724
73356
87201
6617
67522
51918
60103
70782
96903
72696
23786
15472
19813
58871
2803
53254
9462
53952
4762
66051
39044
90311
22543
40761
92759
73292
64268
64989
68049
33111
301
54805
88297
42689
78623
70712
1460
88396
87242
52956
69941
41746
47784
81386
4186
61033
76383
58217
20717
64807
39706
46102
93038
89163
51093
73079
46935
56251
1807
29792
64268
7202
27896
37966
41390
66084
26739
21038
97038
92114
76062
63559
16755
25945
28277
94636
83301
36361
82212
1909
34020
65864
51798
76658
38580
33196
50153
90132
90509
22456
65663
86228
31379
6042
60412
9886
94995
96656
42741
67406
9957
46948
70881
68519
75488
86820
63043
66752
79493
17510
57658
82502
10865
97449
80583
42028
53528
50044
6303
75991
17479
52835
11888
22066
95208
49641
43109
96788
4527
24476
81438
96266
54815
53387
66752
79938
7317
45879
12429
50394
18840
95876
58848
95708
33978
98594
77770
87792
15669
57538
43094
555
56599
83948
95553
45710
46191
20644
84242
62782
98725
72429
38291
4258
80968
51556
69950
68683
5554
21481
95886
94344
1188
29151
29023
42737
41384
71799
3740
7431
19674
29275
73424
43297
34416
80340
23903
48401
87717
22360
57808
26301
20818
88072
86455
22195
56909
24209
91275
70280
62691
76246
10568
89005
82770
86555
69732
32028
41752
9441
15774
15267
27964
59239
46266
66840
62776
5267
19249
80188
11190
84605
54487
15591
6324
59268
46699
22157
67551
60881
40460
48447
87841
15383
39672
37897
33268
54035
18094
5812
71546
78623
40943
64893
2387
88904
37331
50601
60739
4450
74238
34794
39324
61810
89184
17080
89226
29200
90487
45305
33095
65103
66222
52076
27667
41435
65796
59826
54429
19892
29247
33930
67877
92231
2050
28831
47756
33095
91414
18725
86835
6428
29327
28331
710
82770
4001
3095
33296
95782
96807
63666
65044
76731
92119
39465
10682
62483
67555
46819
73715
10328
15635
23192
19820
19604
2377
46777
51750
7430
31504
43500
41600
9372
37322
97993
9311
33804
88560
24451
28044
83593
60749
96290
54884
65663
85006
30073
75244
98529
96201
91764
49127
81367
31058
46410
9998
97528
24408
89072
60689
22582
90494
85955
45454
15118
2944
86037
15793
4573
76383
87799
6370
69296
19651
50393
83467
13252
97904
64942
33599
64029
49409
11167
51626
19014
46102
97382
17600
11514
28112
32664
61972
47371
74206
29001
74960
37328
66580
71708
6560
99093
44410
72332
47564
88522
11603
89857
37079
55653
51472
68475
88012
49357
29071
24954
12440
39084
28488
91333
86497
9149
36416
16822
20291
91760
29200
19733
5962
39612
18531
2671
98045
89005
78892
57273
30164
81633
51493
16498
1792
96583
60081
82167
92890
53439
16459
76102
85016
46872
41746
46976
35176
28485
25465
11933
63486
30407
79745
30052
4495
98551
65914
5948
16830
88894
71041
28503
65172
44195
8339
9289
42007
64009
28795
63069
15394
57262
88014
90127
82055
9778
98429
67829
91760
9000
52595
28284
30764
25917
6403
21975
39672
35176
94074
66944
27901
67844
87044
20668
18794
65914
62579
72461
25388
42284
96162
5286
61864
72420
90158
54686
14044
91885
77400
87146
33479
43936
22383
20644
89183
1725
43397
70987
20644
27364
11739
48009
15891
10568
85039
66132
77353
20434
54276
92841
51658
14182
86217
12552
24687
78492
48964
93609
56742
31086
24881
8049
92891
92565
95012
12102
69421
39208
1805
39627
62558
61586
66168
23862
3161
71041
65155
73525
76379
23447
35872
8267
28097
41328
1188
68164
25834
78997
8911
71834
14072
73619
86248
45284
61950
77241
50251
44459
56067
77602
57432
38876
74156
14001
91763
7348
82285
80864
47930
89140
48016
25384
63223
87842
79523
56761
59134
15608
71946
53404
18840
7962
15835
94728
72707
64287
82500
75427
62544
99662
54882
11559
92471
33804
10859
87757
96537
88962
11603
45210
16003
20254
71665
46573
2849
80444
75715
44087
79274
76658
68787
55498
82055
89005
55695
53986
20898
60878
28771
42941
94967
94302
77702
48322
94048
15081
30007
55722
60245
73424
82647
33849
76094
36505
94131
80723
80510
11676
417
26571
41066
23946
24736
77340
22157
15458
9215
9385
74505
12652
7554
66388
30622
73326
47947
56831
99161
41694
38708
85077
73955
72861
14010
69996
19674
11422
81791
31121
3765
46839
33956
87090
32242
86100
54537
12643
24928
60749
24114
76205
50890
35743
66967
85005
42305
27378
8492
90664
55516
16470
13226
13578
40552
89140
59275
57538
69579
36593
15356
46024
80562
23104
43630
86004
80315
2707
34646
3020
89511
63
20013
60931
80148
59275
25356
68897
77093
75958
64070
91576
98009
95807
6913
24376
47492
44312
38988
55617
42022
44119
27251
48993
48080
16758
62508
73083
29354
65103
54939
51417
67903
95779
72255
33213
55099
49873
63174
3095
76333
26179
78725
55640
80827
65856
2387
42586
86190
54358
10019
67640
80433
81984
6168
681
44320
25778
87904
96307
13558
7554
63873
68755
82507
51030
92750
95033
71463
21123
55022
14490
3219
30940
6474
42365
43603
76162
45516
82040
35019
69829
69870
25803
92150
8423
79293
78438
53254
97189
96658
15410
88631
14095
3095
97451
31962
39131
65875
7651
50775
43278
70311
1458
37130
5261
53014
23482
3555
69608
84168
15509
92390
64106
63017
74382
71075
15037
4766
94186
58138
10451
58145
16725
82655
70752
71392
49007
45358
95866
38863
14373
65853
518
17298
79493
81565
61251
79552
78080
42689
53259
80300
23795
7430
80734
43823
77919
3029
70726
37413
45200
99662
14234
836
96629
64052
74670
9610
10436
90004
58308
73248
77754
10440
19102
82407
54217
10019
54882
3976
62691
97420
22551
90729
6303
65454
41931
91088
21621
8277
76501
17579
88864
15286
52956
64715
11834
62496
29073
42888
19124
36344
45890
20717
75368
40424
64254
86660
48882
96162
92129
77727
86318
9036
46318
26109
85083
46414
19765
97367
29857
17298
71907
89511
53356
78149
32611
19983
59754
96551
79745
96617
9366
42709
32483
83449
22912
10948
41328
28771
89163
86497
96048
35937
89337
29751
80126
65037
39829
66084
51642
62084
3555
8990
92841
84961
74946
33647
55285
89865
34244
35932
55137
14732
68049
1226
17954
64002
42586
79812
23544
64973
35941
88154
20823
69254
46034
25794
41264
80360
45755
7411
3161
48703
66084
45515
57241
87130
22806
41435
409
20716
70567
66627
49392
22351
99837
70915
82598
30843
96266
15528
59587
36047
893
28291
4881
86603
64141
1208
59037
59852
55073
1229
62539
97482
74183
40191
49880
37640
16833
86715
73511
77255
49507
1590
19953
2636
39939
63597
74877
50722
78888
87177
33782
29090
86228
66602
16155
15290
28184
57121
83242
93393
82713
51976
59669
9734
83583
85634
50274
35873
77038
8348
92759
56201
17875
33956
14116
82491
77899
40468
41397
29315
53216
58848
69748
92692
76262
19524
79745
78992
14081
76711
17526
91649
30487
96633
59037
71405
83084
80796
54717
75766
92109
55156
94657
2360
3641
88249
91757
92908
26217
39084
73355
25949
30568
63715
28912
43523
50601
61280
11954
7635
62907
64141
75993
119
47956
14384
83587
89940
61638
77691
59502
62698
85074
33735
48484
92101
21942
11209
12576
88396
82720
76630
92471
28146
18483
9303
80857
5962
67011
74456
30007
69029
3161
98064
77529
73715
24325
90417
92958
81728
93913
48036
42978
96736
91388
62294
23141
25302
13179
45515
33406
15482
97948
15031
97993
80380
11485
82720
80665
31826
50326
73541
63089
63559
49349
32699
22727
74478
93522
97625
69895
24325
91217
78076
95560
3041
9212
39528
55297
42959
35788
73525
51521
54836
6219
84941
72406
25124
42331
23104
82584
97273
46957
69996
16755
95124
45500
78623
78313
52523
85460
43989
93609
66411
36283
59100
38407
99810
33258
85813
32371
83029
17947
67913
93229
82554
7651
89461
96656
69113
15415
74903
93599
75630
36498
39312
94043
8409
2361
53419
91697
1196
77329
72994
29188
20488
23423
62882
93141
43575
77319
95758
75293
34047
11397
57842
8970
51093
14171
83897
99620
96803
6925
563
7419
96009
33192
27648
42191
79286
43630
90691
45879
2983
21894
92637
19813
15774
55194
33858
5914
89770
15356
1714
59782
45401
66782
40204
16082
17051
2831
47519
48534
23447
61429
84511
37331
71677
41382
59602
81791
96451
58217
56080
54884
83306
86444
10379
53849
33483
11166
36750
40773
36575
91301
13642
76542
57794
43832
99395
52836
2402
66840
25820
72508
62405
21435
1445
84192
14655
89674
39208
18479
11651
3865
36742
69761
54399
71699
82109
72168
91674
57752
77810
3555
4741
3555
75427
95939
86309
51472
68112
69238
55895
46473
95201
24741
8340
14384
10859
89534
1196
38407
84763
57143
92709
18931
67647
94617
61284
9069
42556
85459
39158
48703
42838
81349
18524
50815
49751
37204
64009
22229
21950
89292
92918
13448
59669
23198
33873
55865
18035
60749
54882
6925
13558
790
40428
6428
75493
82813
23725
38422
5597
97394
68626
56222
4766
41264
28946
7080
33523
53998
45177
32783
12613
15871
68475
42437
64272
10035
56563
11888
33819
94256
95939
15119
93485
87799
79322
40145
790
42297
63724
53795
12613
76921
44813
54203
70647
82610
82982
14348
89331
17724
34274
76205
20062
78507
70699
19755
88645
80804
91674
92759
32728
43657
99595
95330
943
42812
92996
5948
99662
32927
74460
80796
11357
59144
18159
4174
3429
27072
41159
92498
35779
92898
88560
77688
20254
41070
42409
53795
89451
72406
91301
41146
90477
55073
59748
63275
26370
59334
2451
8970
36525
73074
90279
42141
99695
17954
19117
53998
77011
82953
72666
68068
68774
22000
91784
90132
44921
11147
12851
98639
30487
17943
21963
93824
43724
79773
79252
69259
97409
47520
2223
71105
70235
38331
42007
46244
11952
39627
96656
87589
2569
3429
8427
55007
94558
91921
76658
31465
41075
27107
78724
46839
43297
39716
60383
95593
47673
91757
61822
53915
4174
27838
11643
87720
76062
49127
60065
6042
80720
33463
24624
99514
15774
18840
25095
22933
69635
83212
73574
72994
73219
26735
78196
83844
15119
9108
50601
80584
6611
234
26722
15356
81192
9180
66156
89359
70166
47908
85839
25816
55099
97189
68953
95878
27858
64683
85016
9081
19746
82698
88009
38754
81514
72948
48113
16424
65989
94697
45027
775
82500
62642
83033
61586
52278
66805
18793
8134
37441
49732
95011
85330
1461
1672
23414
49
25414
70938
21815
38863
96061
19607
90672
64670
69249
5520
81202
5812
3751
73637
15821
41956
58169
69421
32314
12836
15891
8862
87904
21082
19584
65315
76998
18944
2710
33462
70955
64229
75414
50236
48513
88824
84302
7350
6303
50680
57892
62177
59754
57191
70938
56178
59734
61352
57262
98725
25794
1886
37322
98810
7824
4054
59584
17689
64846
95846
7138
77776
77754
39551
30408
67202
62697
53388
15788
65258
64924
67018
21280
67903
48017
92734
34048
72255
12877
58270
59782
92585
49880
93986
5760
57273
44331
55007
8314
15012
17678
5550
70882
77319
24473
2569
65856
51029
3918
27176
98792
32591
56110
61207
40821
80438
32541
18035
53572
15060
9484
56960
59009
54806
37493
80006
78230
82512
81202
48805
85747
48432
93402
93988
3327
22118
4540
519
21915
17882
89974
17884
92166
53552
55550
76394
74183
17112
11105
76858
7302
16833
43196
32654
99052
49523
99012
87500
18568
69791
90177
39513
51599
20777
88297
22169
88060
36389
49184
17096
45833
8085
9925
55464
82672
71548
82496
19968
49278
22661
36729
94205
15602
53563
56862
86004
69377
89175
59689
38445
92277
74615
27491
66301
12265
10490
14490
60112
85179
40080
51138
18359
94777
95861
81728
44813
27107
54418
94889
40943
70726
1229
46540
2353
84356
83260
22933
96571
92277
56639
7550
72968
87051
9734
88643
83615
55099
82964
64989
19820
28075
12637
8959
65532
17949
59732
13358
57191
11357
50131
89393
25124
43111
55430
67072
54925
56311
16003
16424
64443
89770
25917
50890
8085
87498
58171
32916
5543
99062
53239
76848
75545
62882
36434
56222
1924
8574
13207
59037
10305
46954
70954
23904
32948
85302
28198
58104
17051
64781
7962
227
78076
43984
95124
78093
91411
34802
34554
65281
97264
72499
96788
22085
69992
30597
43571
45080
39224
84306
68198
18124
69250
94216
13226
48324
12445
92580
32015
664
16496
6968
6539
71098
2379
21285
42888
66501
72293
30069
93225
26357
73219
60412
82342
99378
52182
57097
90664
12726
85846
20637
25762
42495
96578
15999
18355
40448
88420
28488
33536
27857
92468
98810
28478
98123
50705
46979
60411
3774
30447
44149
6202
75477
92894
67480
99442
64066
82366
98500
44818
8890
52131
35225
21744
82491
79434
50722
20246
87137
62844
46685
18039
4527
4589
94947
63642
40120
43367
91885
79889
53604
29857
92155
42811
15891
8400
64124
67114
72364
13872
33963
62774
26207
53772
28766
56320
31999
55136
23385
9764
85815
22477
9215
29345
9831
85490
76927
12552
20319
17707
41264
21433
79804
1428
71594
21551
26104
38589
56792
26984
86357
3913
84236
97338
37322
528
23104
96598
74946
58922
21777
1629
78923
98913
66647
56119
26792
92617
18035
25572
81022
57446
5286
45500
99261
61176
86318
39093
5257
31760
17949
38798
42772
86295
22118
89359
49167
85525
69254
94413
14035
69135
15793
51189
21066
90472
6925
20668
62106
89086
95367
61327
893
34450
84511
55839
66973
72380
47252
91122
86297
86461
41282
64156
1877
36283
6716
88555
87916
25743
69050
33809
79493
46180
42995
61319
93407
2237
28763
10632
50407
55767
1595
17187
4293
46861
97922
6617
63856
81970
66506
58761
96513
55136
27858
2452
25759
28097
46404
67138
16629
58169
26957
3077
14732
42994
19572
24377
5171
12199
88199
24117
87389
57178
41526
75275
96163
24014
65667
39052
91455
59549
42962
99837
2768
69565
88803
68625
81367
19262
16314
49816
72461
9525
40802
31454
69551
97437
35019
69565
17079
41749
89461
15247
65160
3711
63287
95464
2559
93181
45886
95693
51166
39425
95018
6567
42693
43853
84519
20623
5785
92349
1958
81756
10888
19624
65209
99378
21963
90311
68477
51294
54442
10834
52708
27012
54878
59584
47965
19018
9069
76551
84599
5962
82738
30434
62807
96992
86444
6903
22157
2236
82035
15835
47135
58560
86162
50665
92776
59104
5422
66075
27421
75795
52994
84468
20694
5353
5257
70842
13616
21082
14865
44352
99549
13586
36344
24793
91082
16298
71256
67998
20489
97455
37322
58807
44124
16755
59198
84959
40530
53749
39208
65103
58138
22727
9344
26866
79265
14795
31447
50981
2831
33182
2235
49185
34292
31881
73468
26760
20824
62764
82922
97963
55881
20062
58810
41009
34450
21968
33182
92692
23423
65985
12213
96686
97147
28488
29113
89074
45450
29268
12303
92941
40563
42717
90384
10568
66840
12287
80958
45177
22621
58171
57137
3976
35993
98260
23893
30421
39462
74217
97618
78384
75431
43724
30804
20889
68801
30407
89782
4750
82976
30165
35759
50218
49108
40798
22653
20265
99261
84354
93599
92217
25382
92134
41504
71351
21677
3677
47157
95395
64893
59685
31511
28979
45401
73839
92496
11647
19240
63835
10328
53733
96506
79173
64954
15115
39061
25762
36641
24804
59685
76711
61506
20204
70955
48300
7180
78923
38589
11328
17927
72908
37331
58328
68683
61353
51022
96578
84655
79242
60030
87305
90733
36656
43954
12714
15011
17053
68945
95887
79609
52790
60992
49157
30769
78384
84352
66756
63634
62387
96658
58875
79259
91455
4129
2559
94697
48999
18418
62585
54035
57215
26578
42023
72627
46291
22200
49278
9135
16911
91161
3666
10865
43377
66854
7601
82812
49
11067
64990
19018
1792
39839
98970
73862
73778
91494
88474
13363
73742
57032
14686
52495
65288
10820
33192
59299
90489
78698
92894
31415
16426
77966
69306
68573
44903
23447
19129
73164
19692
6238
28044
16580
68934
85006
42594
15356
66001
45871
72740
4095
88555
39224
37222
24132
79107
42319
11710
59334
9289
9990
59540
54549
92890
5200
22559
32328
98071
43122
85085
47050
84420
3145
44967
7550
48017
92894
80036
72781
19509
73715
63527
66075
15434
83587
60466
39232
49873
14464
56731
119
32589
73591
73348
64752
82179
41702
46180
10682
96083
60338
21486
87877
94302
62790
43966
87378
12043
39425
63986
51800
44949
46157
31723
42220
66924
79293
15835
33658
58549
61594
74589
52709
83550
48825
24264
68213
63382
69719
58104
9307
26481
30592
85911
96162
24624
14708
75427
9672
78539
67881
24347
5366
69109
6080
68254
47450
79599
72707
20488
93875
89826
80466
16044
58373
72666
57129
7824
17891
30613
24740
52836
35409
15465
10023
17630
411
68471
6561
65928
56096
68471
3883
50094
42812
20498
83624
84961
32888
71703
10778
43006
79755
18914
51032
23038
23362
70499
83897
75173
83475
63030
53915
41030
75768
4293
12064
76884
71875
68626
3252
56967
2768
87158
41012
54032
28276
45177
13447
8489
50326
1071
95972
83422
7586
17336
61221
10181
52549
90811
65796
62122
42365
45358
15602
33561
4472
15247
28775
81450
62790
70702
48508
99011
87416
63520
60245
46024
48254
85213
99639
77630
66909
95553
61703
57235
62405
43976
1678
42109
35383
19251
33111
59623
47480
84387
95427
57017
9937
30546
64850
34672
23233
82672
93704
92349
6913
97048
49127
42437
61148
10240
49167
14418
87022
23586
62959
48036
55988
60112
35872
82861
2144
68274
42931
82321
32664
5995
38786
14072
627
84193
36633
28203
22085
64990
6285
85721
52402
44728
32605
63959
17298
829
34255
80017
26429
17298
48534
92187
25748
47492
98639
91979
85939
22286
93690
83161
8574
84224
69832
63256
96807
98313
1595
33968
33359
97787
11802
66675
73293
1942
63210
60169
63559
62369
10415
54455
67913
3976
85732
11189
15958
46034
23062
59099
87571
21477
8275
1026
29151
72786
41270
52590
19721
49397
55580
72905
37343
56222
62369
93917
98947
74708
38630
9344
62883
88279
26558
67551
94143
56293
5948
93296
9726
1958
61864
80985
22617
35388
48908
10344
36248
22351
17875
24460
2707
97138
96571
82813
77581
47151
74395
70481
74432
16349
19765
85871
46703
4887
53356
85455
10485
99012
46701
2845
17051
30368
18568
33258
44009
63007
96127
79992
54576
78772
57752
35105
82401
53078
44570
1066
2091
38407
59808
32473
2287
37640
54047
19581
46645
29384
66533
78384
90758
75642
83181
45450
42643
35756
57382
94562
85871
70280
41972
84236
32117
4940
27219
76653
66841
63709
5267
9288
49167
24968
95784
83503
75529
55220
15627
5777
2817
17880
50680
10240
50492
17365
7370
99223
60151
84239
35400
75928
82507
86222
79280
92931
95126
43723
43367
53150
52685
24804
1725
71774
44606
88154
57992
75067
76893
60982
17497
48300
50311
60220
14861
76501
3668
46024
2547
22538
43378
38644
88779
68021
29376
13448
51493
85460
53105
92099
88222
12552
49393
2880
92343
8232
41433
36458
85303
31368
95653
10062
31447
15692
22360
22610
79797
6418
75431
45967
80596
40889
61736
47829
27636
74841
25870
19971
47670
92292
5443
56903
19179
16457
51101
47687
40120
27787
39553
60411
66909
48508
47633
59177
15037
3679
90069
82003
73790
81909
36090
5962
86528
10476
45467
24638
56110
61464
50469
45023
26835
84511
76234
24302
4148
19934
59664
9602
76527
31454
88326
54217
23198
84987
8275
49782
7947
54203
90223
48017
68642
73
26079
214
62474
46191
64268
51057
46291
18793
23186
61577
89696
81450
93209
63189
90083
10148
87022
62389
15073
24928
79812
55137
64029
19827
16060
88635
88396
55600
94818
42023
7668
40592
44211
97773
89114
73889
40530
9204
51460
18418
7320
31041
43256
73356
69048
27327
89875
62470
74399
53091
12234
64771
69506
70736
4268
50469
82429
3976
25173
52896
80440
69014
51510
63
22380
60407
95252
65215
1766
8100
31164
94995
19144
57215
45787
67903
51918
23786
12768
75881
37142
19892
33749
15519
89886
89618
44956
24132
78177
73965
59760
68752
93985
97089
81183
8553
53033
94273
53333
29063
23141
17469
51341
81820
33536
10948
3415
86055
70238
40549
88420
29001
95210
86377
3499
37009
90543
57115
93880
86444
95593
49910
60138
63956
80081
6357
42482
70849
27718
60402
71947
41596
92332
29048
42492
53078
57032
36172
95891
71875
5990
30730
93170
66510
84941
80608
78704
18270
66439
10778
22212
69257
85320
38543
36110
61526
80551
58025
67522
5794
1777
55151
99592
79915
79804
54769
4225
82003
70076
32538
41008
49751
91303
67242
67470
55191
25900
52606
65333
52790
54399
26571
17715
58143
66142
97048
56119
96551
94818
47173
41236
19129
26779
85945
63520
78134
81658
60867
77917
33282
93393
79280
68483
53627
69961
3960
27822
53120
58726
33056
79018
70772
17885
15602
93190
42741
67500
90779
70058
12519
29490
11364
5726
73026
84933
78539
90446
41647
20694
63980
85871
94407
21551
65900
92468
9466
84065
54661
66844
39138
11189
42220
99882
91051
13033
90697
89416
54576
24396
39550
32927
52015
10231
8409
72627
91885
34560
37877
43984
91899
62496
49386
20348
79254
9764
63305
82493
53536
61176
95292
87916
599
90253
73898
58922
74043
46630
87348
54417
29057
84236
64086
44442
61602
31742
87399
59009
50665
63007
39962
33363
70736
69854
12505
58871
9180
55864
55196
97181
8427
22554
76123
94314
95445
96290
19793
55196
4881
31977
54032
96587
54813
19001
2817
71834
69857
16060
14116
25299
32061
45003
95208
37917
1754
95033
53880
15218
532
87725
41282
71379
82720
5837
26133
32081
5245
9625
60138
89464
53853
34087
59782
45454
57121
86903
46517
25794
38849
91339
87888
13562
62806
32568
65131
18717
83615
57808
89908
555
66738
86357
38711
94842
73083
76246
39561
34525
10803
38508
46090
33462
31729
12768
3816
97975
76892
81296
12973
41568
25382
70010
34553
73778
3949
99219
58216
33095
56353
30219
66053
15556
5812
84356
7302
69048
18684
74956
8409
43823
84987
74806
38709
15227
22986
40080
56572
89183
39539
53089
18914
68904
91388
37086
99381
12000
9431
49396
26027
72691
11802
17416
67928
98529
9785
417
4540
38644
75545
82003
9916
78448
11963
39706
91124
66051
88573
3806
36368
75368
411
10231
32542
48154
31751
56742
84099
56246
46309
21007
73166
87314
18924
67895
21941
10638
43912
73778
55151
67895
40425
52457
86217
61632
95445
73378
9466
30546
86969
57678
93448
83373
60452
38155
29588
53772
64178
33769
64887
83862
84760
7858
89501
74185
11859
27689
16593
99514
89763
60881
42551
32490
12766
85644
5540
82350
62387
13569
16457
84410
69377
6139
60689
15651
2548
71875
67384
35400
21734
6600
32947
81805
13969
26442
14888
97387
27689
68917
8871
64202
53611
23525
26505
73074
86013
84278
86459
19892
6107
78420
23786
62883
99130
59379
73511
30032
3505
46573
93950
25613
77742
30960
72469
22294
77899
55013
35165
31712
8053
9674
22934
73954
50469
81101
96842
11510
78693
661
64272
28485
22284
67253
56752
2852
30592
2710
25519
16593
80090
91187
4960
75412
56967
494
96306
13202
28502
68094
21280
10689
75529
60605
56837
26682
3744
25701
87242
19892
59748
93049
82170
71256
72305
58911
19783
54032
1415
8625
91141
12617
35480
16075
52933
33749
6868
17298
73537
62990
88072
1891
46024
96322
60965
76246
61033
59852
70166
68987
10476
12350
42023
55306
29610
24718
59457
38063
32810
25834
69829
12269
90639
87459
99144
83327
73854
5613
83139
17896
78660
36979
52933
49393
51798
17954
69858
43733
32569
62508
51101
72861
54769
38390
48777
81995
54502
24779
32316
48466
68752
48324
4165
76321
25555
47400
57533
23413
96513
85955
22538
5780
10148
76499
89397
5095
85311
75421
87695
23413
3392
26435
42553
95502
18863
20048
83637
46708
40706
8008
69840
60881
83373
35033
71105
44800
4362
73678
9934
14554
62985
42812
43111
42434
28467
541
81042
66367
91227
12272
95928
39550
42431
50878
99428
26133
72429
31262
31447
6202
11651
52896
53428
13370
5654
47472
32568
35480
20255
89674
63017
60402
84354
13013
31309
13231
77772
42368
28674
27686
52600
63009
66001
99171
82285
11364
53506
49020
60215
84599
29362
19320
75879
14226
27191
59821
88222
87841
38524
46699
16618
64011
36377
30597
16539
86159
40773
65271
88573
20498
58922
74860
70839
81781
62986
31290
5958
91477
35710
75878
75696
441
44238
15405
24872
5497
46291
79459
32985
76630
69247
85766
37412
94376
12287
70894
99355
63620
65928
64887
58695
47360
59545
28112
61148
80765
86696
4625
11393
60406
8867
73657
98991
55430
16830
51263
28467
92868
18039
90477
81022
14024
25289
84941
8864
90417
47990
76941
80213
30679
70944
45422
59212
33411
37009
15645
33479
89782
44891
35409
19249
64141
50050
862
7430
52836
26459
99487
50841
70531
77581
2471
89323
87683
11603
70216
96558
4980
64994
94033
64287
73537
16769
29820
42649
5343
79459
74715
94591
90279
37300
71400
60867
30780
87095
39462
98069
86218
52835
49127
53533
1569
78172
60751
56119
7431
551
4592
64550
15528
71138
65377
49020
93393
99532
4476
70699
80634
80941
66072
66132
6441
35185
90472
79939
56743
20291
81302
76414
532
51591
69029
70782
72579
70299
39706
2404
39528
59782
4887
19001
25794
82081
32900
7881
31243
21253
41384
44813
627
12686
67562
44800
4356
52605
1629
28098
39758
70122
19939
56067
25945
86261
59610
28093
68331
62244
70965
99086
48152
56211
24014
38650
49197
5188
73797
20807
48113
38876
37015
22351
85260
86682
40147
70987
11218
57935
36283
41350
82035
85234
27689
69998
43832
43936
19224
73574
21942
87924
6483
10181
35489
58911
26415
79963
14943
299
36533
33819
27107
74748
19692
15309
77760
92972
5990
85902
19991
46630
38708
34400
4544
58726
23447
10632
71967
10327
59732
70018
26505
96885
52939
45627
36955
44728
29759
46687
54668
20066
72864
15635
37719
93883
42955
8237
6050
64166
28075
50878
41537
174
20199
13899
73283
51464
88555
48484
59831
36258
41532
9289
6544
86608
73442
68254
61280
96587
43511
72044
29315
58217
94718
43278
96959
2547
2333
7947
21894
62369
45252
42649
63223
73890
41637
16054
63603
48886
95315
50337
16618
37704
13142
39426
62799
65037
42901
1891
64202
47490
95210
50131
12987
47481
73017
30770
73052
45838
52790
57032
16405
18770
42896
62990
8625
76842
91189
66580
25173
66752
93191
86697
66510
2632
76411
39158
90369
84192
9201
43723
23897
4507
10347
31009
24624
69238
35860
38756
21010
30434
31838
94314
17051
71857
166
14761
4988
76587
13099
5261
42244
2144
36368
84947
39612
48112
11933
65796
35222
3694
70944
53858
25945
50039
31640
72911
61575
12652
7431
33936
84964
3954
96265
29142
49144
23292
56905
61743
79755
16392
70002
32603
74047
35391
6423
60017
90363
81438
46034
26840
96558
31009
27689
38679
83182
42009
31361
23019
10002
94967
30682
72995
89619
71947
43630
10556
34399
74751
2029
35950
25955
41568
25364
13052
33571
26866
19581
79868
63363
99341
27537
36955
96711
30764
27243
78853
19813
54884
55579
86722
90052
53504
10835
83218
69269
48322
1849
65864
62674
1849
84352
39675
89724
32300
19542
60690
77255
34739
5006
65415
14861
79322
68573
87663
46699
53176
28604
49910
7008
14990
31137
65037
25347
60903
6080
46461
49364
48834
78767
72147
47673
15060
75314
9482
18398
17561
78800
67892
9533
29378
49227
36784
31244
49873
33823
6600
27182
83186
1772
24036
3641
41526
65232
54672
2174
43087
98660
67237
880
77223
19001
37282
78446
18007
54805
59353
87834
64229
30902
42028
26216
98052
75863
417
95386
50236
72150
28485
2451
70944
69210
95842
17205
1913
81566
26286
94413
91528
86626
40794
29200
28097
9034
24394
22354
55178
90758
39612
67760
57115
75314
23626
19258
78196
55579
38063
50789
40802
47670
74432
74748
26578
7304
37933
60328
25917
10888
57634
15793
64905
15260
32680
61486
76519
36979
46839
33363
94347
95260
5710
18738
88681
86826
47606
32920
79101
76499
58270
50412
43276
15135
94558
41972
20532
97096
22674
2983
17006
33282
49728
99445
67186
70761
45838
18580
93296
89511
72691
44211
3459
15411
54454
51521
97524
40549
26301
69945
88639
33359
4186
65885
84805
65131
57549
73697
14081
51417
11808
3579
66045
19572
82439
2379
49523
41526
47914
97961
52843
80833
70134
43662
69210
47481
30729
26592
19001
24992
23330
71012
42365
39017
373
21962
48703
40746
97343
87348
97715
21848
17880
48228
5228
44426
28284
67406
60749
97149
64690
50300
68724
40563
48508
55890
80006
32538
42860
8211
92390
42822
68507
20049
80247
13044
96533
50965
44873
46979
14546
40063
53360
8782
59299
82343
58414
85179
10598
73053
83749
71079
21961
52219
61263
58763
33769
41249
15286
1642
56499
13951
80690
40530
72256
97940
44835
9831
51166
2632
36979
60422
29001
90346
90253
79599
59484
11963
95176
11653
31063
19251
28896
17732
44981
71006
89393
78227
90708
99880
25465
86296
8348
62084
18717
71849
27691
45547
46987
86037
78963
93485
38737
45208
59669
67761
72704
22574
80211
61817
71366
52168
96405
28134
16603
16298
78683
55494
19542
91432
22174
95395
17102
70018
66510
98970
44320
40530
29006
36389
51687
94140
10865
28212
1579
14373
98991
21066
96094
75217
64857
34274
28746
42995
50314
52251
40936
87516
97268
65051
74478
66979
87540
49409
31488
49507
5124
41526
49883
21010
54348
24389
24968
55769
37852
93485
54317
91141
31080
24212
4419
81566
51460
6562
73978
79122
74098
18153
89192
26514
7430
86646
93950
83800
64938
17086
17314
48945
28502
1807
53715
85642
52600
370
19820
86745
12620
88478
50164
11415
3964
77329
62378
15115
78464
13994
59097
86645
33718
24250
65477
19443
28509
32538
62558
79669
32920
50651
8420
25684
70199
68384
52015
66045
9355
60841
61951
88681
13885
63629
96402
80676
7479
63666
83396
47778
94714
78553
69254
15025
6544
22982
63886
40936
60844
51248
72916
60856
78997
424
8458
13646
79459
31795
36366
53928
20864
47398
22674
90779
98551
85560
71105
47842
54035
91528
3750
91065
43520
72968
26902
40451
21920
3759
18686
74946
4699
23786
56234
51341
92650
3679
53419
15149
44461
44548
39641
22753
5990
30988
72567
5962
24201
73715
70134
48999
6514
95656
89842
43832
41986
1706
95929
16324
48152
69313
77849
53654
98325
54805
55820
33172
68477
58154
20717
33495
894
74380
77088
92738
16267
45027
836
54219
30447
71098
27813
54549
39716
93150
5700
17962
39503
81832
9886
30286
25306
44832
38407
39871
12014
26722
43034
81658
32783
59099
27218
77327
52168
66533
60965
8088
66947
99800
78892
40774
39126
11754
42310
78582
81183
30414
42894
91940
44154
87025
25834
5291
81961
59248
83657
54289
74183
41659
78888
3964
42498
42742
70882
41397
65853
62764
97917
37774
38501
51195
53254
1057
62058
17079
79552
34133
28347
9944
8211
73184
6139
88014
95784
64924
62058
82435
29343
15471
41751
31504
74676
14868
63365
86759
67634
26814
65333
34949
47862
4293
71043
70914
96048
76062
92382
89306
11841
58399
5118
41274
47488
4293
422
87651
72908
13628
56175
11936
99880
39158
89967
64675
54815
69732
31080
54427
12984
41615
28093
66222
29126
27630
4362
70109
16314
55895
60261
3816
57273
99078
98265
4362
94553
30859
37850
72081
50721
57906
14044
84861
61033
7229
43198
31842
6161
53419
80985
1642
35716
93225
66684
7668
83982
89408
2547
98906
60729
60220
51434
83016
96310
34594
15556
27603
24737
2782
15451
51460
30743
15438
60920
73814
97922
18842
78338
97126
14586
61398
62463
2144
20306
63861
81170
17715
8721
89676
5429
53470
68917
91094
25762
73742
69341
45787
32284
37693
17954
60859
56916
48819
426
89974
24014
10436
21225
68971
2471
57108
10518
70712
53419
19303
82102
82499
35434
53072
69313
95012
98545
2803
5876
4213
10111
32603
75248
61962
96506
6423
20204
50039
26083
20560
88354
34711
45220
69482
22303
87101
9975
23626
75545
89029
97147
71756
15635
37192
61269
12783
43733
82964
6901
79493
59826
64550
19615
28276
3017
51800
65563
47987
73965
21435
40753
1066
61514
56328
44266
42689
79122
53213
50874
8890
22284
88154
85302
10629
43276
38405
74382
22380
50933
1619
56447
32907
27398
87924
27110
9610
17489
17891
32056
34074
46266
41249
78182
39105
7488
43966
59248
94376
93913
74670
73989
85955
8492
86159
12253
31918
92074
94777
98550
76108
23595
29682
39871
99823
48137
61021
79992
39324
17096
60877
95448
77874
78683
15135
9693
81995
60698
70166
89826
11423
8134
82300
12686
11586
94657
7229
44571
50942
5261
69385
29343
99051
82493
41164
33393
40117
1772
76630
17347
70878
52094
98580
33182
13059
64388
90899
38568
17719
25013
57713
14134
81192
72512
31486
25046
65634
6917
54123
53849
73965
81296
681
56617
26640
46891
42690
77354
60408
10974
49910
94999
96214
52057
19542
8645
34198
76140
9022
2841
81436
56397
51367
38470
49169
63275
67775
97391
22538
38762
38315
80169
34844
90230
51019
15206
1119
28766
68945
86203
69812
40452
98965
58171
74395
86162
96937
48392
62720
67840
69753
11639
59852
96532
25124
35941
61506
32242
19018
35710
10632
28746
90158
1424
8492
80833
61575
17102
91189
1850
47360
69812
67319
71012
4293
32589
96658
48359
89306
79101
14130
2518
24954
16725
64176
91445
46872
62463
86261
93339
92390
85096
62777
73614
53189
98316
25738
68242
17213
88065
63589
4103
66506
84354
3711
91236
88478
33442
63956
70955
10432
38879
44956
25748
29820
13969
99553
38727
16644
2452
29698
8515
12768
20655
41322
49996
70465
81858
47360
22543
68787
36842
39550
17526
75275
80440
44910
57017
37637
76782
11209
82661
58331
31302
92726
38583
25803
94764
88193
95887
7932
93221
32284
20366
78580
52896
49820
43438
42437
30409
17479
98296
3161
20254
31875
9344
65663
99516
42689
43922
8667
73083
85343
91888
50217
10547
43575
27172
85075
78080
6960
91979
84308
28390
95865
27508
57108
78577
17124
68801
77074
72672
34126
72122
64907
1153
8348
57181
18691
63589
85303
36331
13044
81587
66797
36842
21839
7951
37288
76786
73026
22200
1389
37917
53708
75950
53851
32849
53269
50170
34975
96633
71611
81153
84386
4511
41862
8741
4313
69765
88673
40888
16060
30770
43723
49508
73166
84549
41752
90509
96322
21588
50742
76439
42147
86910
59325
62136
6161
63724
23713
105
97594
55057
63634
88975
11936
55544
30999
36810
39463
9464
18076
47829
43448
12863
97715
53536
97353
95724
81728
36842
33858
28599
61962
98278
66078
38272
25465
2271
34693
62177
8100
41669
34915
92996
14755
87177
32907
51468
70015
26739
10344
70122
32728
10433
7994
13301
43288
89511
29073
6611
85215
79367
16717
39279
87845
22356
73198
13322
52192
82177
50503
47830
51626
45134
74606
42866
68213
75327
91621
78129
38165
1277
99908
17798
47829
10638
38339
96282
65943
44153
17882
88864
17225
66647
82109
64156
79290
20419
94344
22574
56222
16506
40542
52964
39279
53103
29873
70058
85721
24799
33261
66909
21493
54286
90384
75463
69849
21509
66715
69249
48162
28850
68986
83738
60943
23301
82371
33769
45572
93085
67903
54806
81757
66181
28616
91339
1619
56487
15313
39127
63030
22295
60739
29880
39093
44942
1713
66947
90311
46473
24408
94302
63024
16833
83571
31395
45650
14179
69963
43316
74833
88969
38849
99858
51151
24793
32488
61005
57142
26133
71041
61116
61486
24224
19903
98428
81386
20015
76335
27745
40764
57808
94663
70238
93815
9610
51472
70266
96214
49827
47024
25794
36290
62140
15963
76131
4129
83270
73574
69407
38251
97875
92114
39261
8032
93237
52843
52238
76552
88086
6599
54348
38210
96571
9416
2671
86159
10490
70894
86266
23875
84253
78357
88317
28848
23005
17927
85557
22817
23071
77810
29594
17457
76501
37281
60136
23748
46410
81207
20794
22982
17882
23080
26815
61053
55464
25364
64366
8990
91406
59831
76760
7419
43359
17400
58935
58641
73954
54600
64690
36138
55773
81022
82165
33213
49090
25620
422
81367
89886
15597
49766
84627
6925
27855
88885
33056
18925
62889
18275
77743
32399
45942
79163
4165
18377
48359
88894
50874
10870
49051
28134
84088
5426
82435
50119
5871
97474
34844
46092
88840
76143
17205
40921
92898
60422
28729
38762
88338
20015
22670
4721
40864
97181
83345
35101
75086
435
61359
9610
12214
81781
81367
63688
47392
43316
42492
67319
71302
91366
43278
83532
13211
51022
84777
80962
83388
85747
26866
29102
3327
77742
6283
72242
22364
4026
17669
23041
24757
68752
75493
37640
52457
19481
56520
22653
4323
51800
27484
64176
63197
66840
43876
76055
11586
58922
76154
82102
55039
12067
39636
95545
6219
6990
86309
35993
53419
84364
32525
24250
22360
2091
84756
60136
74193
23421
59198
37459
4766
29312
78940
10629
15889
18275
61546
10664
23952
64097
42075
96136
99538
24765
78580
79351
63867
73814
83738
73839
52366
62271
66506
98706
22653
11151
41490
72154
50109
94868
89755
43122
59995
38445
62882
49020
96176
22649
72672
65104
7353
59540
79978
18381
77772
16043
92676
86166
64258
42331
5353
44098
6213
90015
76246
2712
74927
37711
3020
23292
49806
52549
83352
15309
96468
9825
8515
10580
27184
71741
36744
28850
88694
99378
78986
50645
6856
78698
61785
72024
57678
80827
17716
73883
14834
42643
64364
8721
42545
72380
67133
56158
9525
99943
89974
94512
11446
8861
25382
17880
43185
38251
16490
79434
32472
73196
27052
26168
44238
66551
84065
81161
2965
99000
82439
49589
26592
62387
82838
80562
2691
50803
74606
56499
50705
40477
98657
36368
58013
65281
37997
62232
90022
69849
65044
17994
95560
68199
86361
54012
17798
9513
49086
34244
57417
52027
37719
174
19917
91303
39512
72731
50218
78580
97584
96809
964
39126
15392
84128
87301
93883
31826
15175
43171
61207
66797
94947
22574
7736
63724
34892
80804
99551
3918
41145
26280
19615
12847
45305
48254
61028
81386
7448
6929
89219
73156
69840
36757
15963
19406
76316
82035
53072
34037
55137
9973
14698
74908
8950
77204
53213
92069
69121
58115
18800
6721
5780
54032
77917
93538
86348
85901
72046
12300
40888
35051
76123
80583
69037
8782
83503
38385
73424
9171
6599
93593
64086
39760
17885
24472
95717
64364
77644
995
4742
4001
76199
32748
61021
44413
28044
6457
27370
65076
91213
93485
52254
11487
25955
61029
24077
16807
35176
60245
75243
65778
43100
69858
92471
55039
38583
35941
92187
21782
8049
21017
11485
95312
50664
11739
5259
97625
25896
44268
99951
66361
72861
14686
29236
22975
99047
22670
55516
13052
91984
95721
89745
1923
85199
85075
76607
7510
91302
31176
55464
27943
21839
31704
72672
11147
70942
8006
28428
24472
74661
25704
44195
2511
93593
36090
72696
71195
40000
87154
48882
23775
79938
81879
74659
80383
42859
20729
40421
36854
8803
36854
98263
61207
96234
44426
63365
23598
81031
66051
94666
28075
77111
1107
31833
97005
22842
88584
94591
23063
26814
67881
44243
29113
11277
18469
26203
47868
27667
60856
95928
26109
39502
92349
42988
67522
62432
22543
53773
83593
35892
22383
36047
48230
77032
67522
43185
64990
99360
64550
40424
76194
99251
46987
65333
6462
65269
44094
54005
75747
24736
51022
28674
71154
97141
37473
3954
94033
39553
10497
62990
64781
31395
84519
54806
69172
257
44131
67509
91244
24269
38762
88694
92411
45677
41659
20469
73607
5703
80725
28746
94476
81105
52549
13565
72168
24659
38292
84057
47024
68612
68019
9635
60055
39068
58945
70058
63189
21007
39061
23276
92965
3392
54813
66134
50742
45177
45838
4741
93257
62777
15961
90438
16075
46127
80132
73352
85311
96374
70280
61914
51057
66588
78014
29813
34527
80426
16755
50721
40770
55890
62776
74898
55757
25234
58171
42399
48112
79759
19102
44238
52183
99097
36530
8409
33809
27710
16044
77754
27110
86612
35200
82282
64850
13028
32892
96184
95653
6868
53089
49553
33495
70280
31325
31223
76952
33603
56119
82179
366
83449
62787
24617
60454
57842
7190
88480
53853
29349
12497
54562
33858
52116
94909
16769
58549
43109
92322
45220
87685
37907
10496
31754
67707
9801
92726
66084
90325
12126
35247
25176
54530
22627
1201
72704
18377
9344
10920
61632
36578
58851
73026
12918
77223
31368
81242
98376
4858
48147
21229
258
31751
54176
25575
49379
26739
90487
28097
92119
60330
12118
29630
95668
91401
50300
95826
59275
8911
73898
42303
32061
66554
63245
52388
28075
41752
57538
77948
14208
4103
96533
34021
91088
65898
95694
60605
41652
39706
90706
32605
51993
90264
7814
9180
84364
42297
74837
9533
12851
22360
30391
15218
2446
48845
64053
25575
56456
73312
97147
71546
82102
24680
17313
69172
39550
1452
68612
45450
65084
20366
73796
36303
67209
92709
93656
12957
33239
13628
13872
29704
39740
16147
95124
74276
24283
91914
17149
58145
47687
75061
93630
54291
19968
80375
8652
97594
53033
9396
99010
42473
27176
22674
24624
40605
11233
26442
68986
64567
69591
13379
40373
82747
14259
17927
77566
85587
80952
29490
50389
28795
22170
16644
28347
1920
60971
87916
48534
73697
42298
55777
89368
66750
61616
25046
30858
40029
82205
80017
68608
87044
2965
21962
48811
62392
58686
44835
51029
38385
74302
28632
47465
71579
47687
64165
97948
87924
49998
8446
43667
47520
47733
33082
86669
33735
80567
57273
9355
90346
62985
34557
60604
31962
67910
65234
50558
41394
99662
3954
51800
32747
44314
17994
32747
50314
91412
55228
33692
26814
33495
90681
58562
47497
11446
13013
55856
25575
73221
15175
23555
62776
84111
14796
45514
15704
32074
6161
40396
73885
78395
41389
61778
49806
67051
96513
23220
54383
88973
41270
32484
27943
44831
52571
2802
40592
76205
72012
58383
1265
71654
19515
28866
86883
41702
7751
38863
28075
46266
53737
30283
41669
15677
55420
47265
71629
20469
69189
37852
48327
2021
87525
13562
7795
59623
45744
10875
68637
13202
90319
92357
81463
46791
73778
64670
44606
43185
6050
43571
26079
22892
2361
63634
66419
66715
29813
20758
6366
35033
63603
19164
83283
32081
8085
82127
45135
48849
15023
45687
56900
90509
25778
21741
44813
80676
5655
36565
66543
67691
71098
3994
87252
36320
94186
21885
50179
11291
94788
8877
48908
44312
34787
34302
77526
20049
20465
58870
78973
96176
46029
39138
13808
15422
47580
89619
37997
599
98316
55511
29354
53014
85131
19956
2146
42197
54062
47274
34295
86004
49112
52183
42594
46884
77772
73879
27857
47371
68403
97187
88640
55580
60164
44910
92585
35671
58870
43502
54549
28795
15680
89115
21677
71825
58875
51109
40688
93906
27098
54123
82715
64807
73452
87335
8406
54317
35105
41490
64550
62987
81633
56202
55200
20473
92129
82872
71725
98437
29294
27238
97306
65706
19912
26840
96233
52854
13279
14888
45787
11734
77918
58169
83571
58723
46217
47349
71138
74308
58156
53773
34198
84278
27962
61586
67236
26140
77707
6676
13642
71405
19711
23153
49481
60751
77753
17079
81757
3608
89306
73898
92608
55516
84112
70200
30999
76653
35935
41440
67237
21222
57530
69726
12186
13351
88058
39199
2223
31994
5710
12199
88477
42297
79105
47483
63287
2053
77179
30769
76394
96090
59969
65043
97963
93498
29146
49606
55565
6677
6080
23038
29739
97073
7550
14348
3392
1714
34605
73487
8334
14935
91432
66750
96546
49015
49606
61034
32488
77681
81302
26417
55295
11710
30942
79466
61712
37912
7932
20288
67511
20824
73677
37412
4476
2983
83218
12868
8333
2917
79242
16487
68584
87459
79322
62339
10689
69761
94040
86504
13899
50678
99483
91244
15383
96310
23862
51023
487
48707
92908
45826
97007
36635
61590
70712
16272
10277
99858
50120
46034
10598
37353
57121
41080
53737
82556
81159
589
47492
83624
58746
82714
814
21924
87498
70458
40959
60992
48036
5881
72312
34863
80857
29655
82223
681
27966
51884
25663
37473
49732
4093
43831
50698
83637
73427
83655
49523
45756
46699
58902
41827
25572
89165
31947
40068
93245
34585
61491
6677
93209
82435
66911
52372
56407
30240
35902
68300
88460
46918
60330
45553
49910
85301
14179
72288
89192
8101
92109
41397
39547
16322
1717
66580
70954
29206
98166
49055
24353
60455
73989
91784
93181
70238
39964
14644
60848
86699
57471
88170
29401
69395
19732
78147
53354
33173
27858
77179
52520
28632
83077
20758
41647
39620
12768
26415
69635
40877
45470
85232
27175
24224
66134
39864
37251
3459
39221
20891
70264
45871
74427
97187
99051
58935
4762
7463
37569
32316
19303
49720
3840
51022
54291
2108
79807
47095
67892
73501
78365
83301
38650
34214
18975
58145
42690
27001
63654
47022
91871
94131
23481
16398
34456
92321
14546
15835
73862
61109
16398
8782
80852
85360
46389
12590
64860
94868
57505
302
23897
58334
66931
31041
22861
42654
95826
89359
88894
98594
964
43145
70393
21256
74114
99516
68166
25333
51135
51029
20517
54291
27891
80801
9258
33974
34051
20850
21082
75818
41024
57842
56838
4538
32888
62271
34975
66580
69029
18902
89674
85955
38570
630
14081
61491
33289
70076
33393
20521
46819
97888
60985
85557
57183
78986
90515
49197
2180
90149
11277
39900
90977
53243
52318
76345
53279
28866
5168
51640
80431
1706
30890
65372
407
78855
54720
53654
9507
96863
91213
73715
1502
19117
77702
69930
1672
27842
50132
78365
90253
47654
10305
34960
44893
17006
53078
47914
28502
95736
9734
67601
15591
20724
53853
63715
8963
69578
91021
55497
10985
1321
77338
56425
1913
54005
64550
46718
70084
72396
38988
80720
73647
79938
48619
70639
27226
90356
86660
33535
27607
39224
43954
61146
47472
85096
11354
34493
70295
60019
17891
29095
87118
81728
33571
20655
8645
71366
87899
96903
71546
50244
10580
14990
62987
17124
18359
19015
82350
46737
33103
60725
91505
15948
64218
75795
54050
85224
7431
98313
69205
89700
30032
31656
61109
38711
56907
35391
93448
4741
99086
97730
9758
2632
22475
24993
55297
15453
45838
42995
52361
11115
34299
15597
85211
45756
29610
98296
2782
28044
2592
36575
18398
30205
39388
94716
19711
21941
82698
18015
24659
97306
35935
5911
96337
59104
50337
39877
95330
81832
26814
17144
64578
23879
31815
10383
83189
8458
57995
13876
31474
31891
62393
39958
7141
24011
86054
880
56059
31041
72780
19251
23442
22331
37554
78021
84942
76930
10753
53461
13860
61284
2470
6637
92946
86392
86398
43904
2237
52337
92637
58331
72001
62066
93599
12686
90639
22816
30298
96912
8864
52843
30898
10327
79105
56837
5412
44989
80199
87736
98345
94697
46157
20265
90127
68848
47868
46510
65345
34179
18770
21804
94399
97384
52107
75855
57696
63178
20049
99695
79658
34877
94347
1569
99483
37362
41751
54884
51599
75005
15597
62387
32542
20843
69471
64669
16618
52837
38708
81662
75379
66675
84487
88249
44266
62720
28342
16593
68996
21848
44417
4143
23513
14549
40753
6311
49227
64565
46318
67110
34646
21626
62140
37554
99620
67723
70296
50394
64567
94697
98011
87996
93871
33275
15186
2803
50904
50735
68949
54848
39462
50456
59207
46703
8070
87103
63834
94032
78048
14865
71549
60222
97584
58500
15595
15343
59471
50591
59198
83602
86184
44903
72592
34693
31101
63886
33651
91104
10974
3745
70190
38760
91649
26357
52312
44541
88458
68300
60982
17716
47477
92237
47686
92585
17384
2345
88193
16188
99852
87742
20013
94925
23210
45775
93427
57538
89660
24976
54914
97596
2548
82311
5613
94062
25823
82661
32297
56572
66854
42931
49167
84402
3164
77964
995
25574
95717
82422
20242
27238
73115
36842
73778
54884
52850
31962
60847
29146
74751
38868
31985
2471
88344
74512
93093
3708
52875
85955
65063
92496
66168
4123
80995
13951
62058
15070
15808
77088
23382
79798
6098
63743
19813
97726
59101
96482
1321
52600
16506
67095
47520
58562
33462
96478
25744
67041
39351
20458
1886
7085
5267
9222
78698
85199
20048
7152
98693
85039
40487
84507
87066
62369
47827
77104
54348
62027
68430
62996
23520
14097
70216
9034
64296
76061
81022
30249
31653
28315
98217
44213
86121
94603
21405
72429
46157
99059
31571
72773
55773
71316
18355
24377
46510
68774
8679
8950
13609
46074
24718
66517
12586
47070
12868
72627
52297
8857
31243
28556
38063
52600
19629
38390
80081
55511
51991
25134
41159
71604
8220
29507
55640
22543
36827
73468
60533
88086
56293
82205
74670
99011
97241
21509
36258
41341
15788
65192
15840
58986
24765
96857
90132
1544
78252
87888
25845
584
790
61972
31685
47151
25816
471
86826
27364
13960
93704
31852
67138
25820
1376
74249
38632
84253
69635
92996
60950
55294
92321
92626
8298
13320
2272
39870
27243
51292
7586
58744
38165
70076
28395
10458
70010
15835
93871
40605
25456
8871
88555
27508
87549
26280
62883
78710
77710
64270
87232
73379
24767
42397
94553
65885
28771
38072
71982
55809
23543
71126
61021
55767
8266
80213
66001
30287
48359
96870
8462
64229
58308
31176
59618
61843
53189
35170
51357
71439
86010
40888
28304
6151
76480
41030
66585
14887
84252
36971
12971
67209
63275
29510
48880
82398
96857
88027
63043
60245
90449
92918
33749
36578
54198
66012
75176
25748
64752
95176
96558
52546
74903
79552
73424
16272
70703
28284
38063
33289
91022
41494
29052
7888
88645
73963
41600
38535
92004
30407
69763
75855
77981
85998
12147
81949
63113
39017
84242
83475
45221
89691
42109
44119
55073
67686
65328
15070
66978
17779
15840
41822
30117
49463
92532
52709
37061
6446
77947
72935
62544
41494
11691
9372
60636
67867
49733
3765
89923
16424
80103
14457
97813
27176
31999
83181
59669
17918
76335
56556
89680
99162
8458
40797
60336
65278
87834
6071
30423
77566
14390
11873
79052
31186
15840
67051
13846
10432
4362
58617
87373
62987
9829
5826
17882
60174
88640
75010
60715
16184
72154
1211
17987
54100
41694
57121
29017
32014
62538
60030
89292
72727
91393
48903
53233
75427
74659
79950
7863
16566
36149
31400
50608
19524
37481
70944
28231
82738
64669
65778
8753
69702
99622
17946
43905
79963
61514
72046
42297
90822
12875
55410
243
50893
34892
27624
27726
68471
91477
24392
15835
30271
13617
32888
30859
25788
91531
65232
63382
51341
83475
2518
7795
33636
19124
5286
98529
66978
5171
75607
79397
70630
83571
93858
556